Symlinking /workspace/devel/include/g2o/config.h
Symlinking /workspace/devel/include/g2o/g2o/stuff/timeutil.h
Symlinking /workspace/devel/include/g2o/g2o/stuff/string_tools.cpp
Symlinking /workspace/devel/include/g2o/g2o/stuff/color_macros.h
Symlinking /workspace/devel/include/g2o/g2o/stuff/timeutil.cpp
Symlinking /workspace/devel/include/g2o/g2o/stuff/os_specific.h
Symlinking /workspace/devel/include/g2o/g2o/stuff/misc.h
Symlinking /workspace/devel/include/g2o/g2o/stuff/property.cpp
Symlinking /workspace/devel/include/g2o/g2o/stuff/string_tools.h
Symlinking /workspace/devel/include/g2o/g2o/stuff/property.h
Symlinking /workspace/devel/include/g2o/g2o/stuff/macros.h
Symlinking /workspace/devel/include/g2o/g2o/stuff/os_specific.c
Symlinking /workspace/devel/include/g2o/g2o/types/types_six_dof_expmap.cpp
Symlinking /workspace/devel/include/g2o/g2o/types/se3quat.h
Symlinking /workspace/devel/include/g2o/g2o/types/se3_ops.h
Symlinking /workspace/devel/include/g2o/g2o/types/types_seven_dof_expmap.cpp
Symlinking /workspace/devel/include/g2o/g2o/types/types_sba.h
Symlinking /workspace/devel/include/g2o/g2o/types/sim3.h
Symlinking /workspace/devel/include/g2o/g2o/types/se3mat.cpp
Symlinking /workspace/devel/include/g2o/g2o/types/types_seven_dof_expmap.h
Symlinking /workspace/devel/include/g2o/g2o/types/types_sba.cpp
Symlinking /workspace/devel/include/g2o/g2o/types/types_six_dof_expmap.h
Symlinking /workspace/devel/include/g2o/g2o/types/se3_ops.hpp
Symlinking /workspace/devel/include/g2o/g2o/types/se3mat.h
Symlinking /workspace/devel/include/g2o/g2o/solvers/linear_solver_dense.h
Symlinking /workspace/devel/include/g2o/g2o/solvers/linear_solver_eigen.h
Symlinking /workspace/devel/include/g2o/g2o/core/block_solver.h
Symlinking /workspace/devel/include/g2o/g2o/core/optimization_algorithm_levenberg.h
Symlinking /workspace/devel/include/g2o/g2o/core/sparse_optimizer.cpp
Symlinking /workspace/devel/include/g2o/g2o/core/robust_kernel.h
Symlinking /workspace/devel/include/g2o/g2o/core/optimization_algorithm_gauss_newton.cpp
Symlinking /workspace/devel/include/g2o/g2o/core/robust_kernel_factory.cpp
Symlinking /workspace/devel/include/g2o/g2o/core/sparse_block_matrix_diagonal.h
Symlinking /workspace/devel/include/g2o/g2o/core/base_unary_edge.h
Symlinking /workspace/devel/include/g2o/g2o/core/optimizable_graph.cpp
Symlinking /workspace/devel/include/g2o/g2o/core/matrix_structure.h
Symlinking /workspace/devel/include/g2o/g2o/core/base_edge.h
Symlinking /workspace/devel/include/g2o/g2o/core/factory.cpp
Symlinking /workspace/devel/include/g2o/g2o/core/base_binary_edge.hpp
Symlinking /workspace/devel/include/g2o/g2o/core/jacobian_workspace.cpp
Symlinking /workspace/devel/include/g2o/g2o/core/robust_kernel.cpp
Symlinking /workspace/devel/include/g2o/g2o/core/optimization_algorithm_property.h
Symlinking /workspace/devel/include/g2o/g2o/core/optimization_algorithm_gauss_newton.h
Symlinking /workspace/devel/include/g2o/g2o/core/robust_kernel_impl.h
Symlinking /workspace/devel/include/g2o/g2o/core/parameter.h
Symlinking /workspace/devel/include/g2o/g2o/core/estimate_propagator.h
Symlinking /workspace/devel/include/g2o/g2o/core/estimate_propagator.cpp
Symlinking /workspace/devel/include/g2o/g2o/core/optimization_algorithm_levenberg.cpp
Symlinking /workspace/devel/include/g2o/g2o/core/openmp_mutex.h
Symlinking /workspace/devel/include/g2o/g2o/core/parameter.cpp
Symlinking /workspace/devel/include/g2o/g2o/core/optimization_algorithm_dogleg.h
Symlinking /workspace/devel/include/g2o/g2o/core/optimization_algorithm_factory.cpp
Symlinking /workspace/devel/include/g2o/g2o/core/jacobian_workspace.h
Symlinking /workspace/devel/include/g2o/g2o/core/optimization_algorithm_with_hessian.h
Symlinking /workspace/devel/include/g2o/g2o/core/hyper_graph.h
Symlinking /workspace/devel/include/g2o/g2o/core/sparse_block_matrix.hpp
Symlinking /workspace/devel/include/g2o/g2o/core/batch_stats.cpp
Symlinking /workspace/devel/include/g2o/g2o/core/hyper_graph_action.cpp
Symlinking /workspace/devel/include/g2o/g2o/core/robust_kernel_impl.cpp
Symlinking /workspace/devel/include/g2o/g2o/core/robust_kernel_factory.h
Symlinking /workspace/devel/include/g2o/g2o/core/linear_solver.h
Symlinking /workspace/devel/include/g2o/g2o/core/base_unary_edge.hpp
Symlinking /workspace/devel/include/g2o/g2o/core/hyper_dijkstra.h
Symlinking /workspace/devel/include/g2o/g2o/core/sparse_block_matrix_test.cpp
Symlinking /workspace/devel/include/g2o/g2o/core/base_multi_edge.hpp
Symlinking /workspace/devel/include/g2o/g2o/core/sparse_optimizer.h
Symlinking /workspace/devel/include/g2o/g2o/core/base_vertex.hpp
Symlinking /workspace/devel/include/g2o/g2o/core/factory.h
Symlinking /workspace/devel/include/g2o/g2o/core/base_multi_edge.h
Symlinking /workspace/devel/include/g2o/g2o/core/optimization_algorithm.cpp
Symlinking /workspace/devel/include/g2o/g2o/core/optimization_algorithm_with_hessian.cpp
Symlinking /workspace/devel/include/g2o/g2o/core/parameter_container.cpp
Symlinking /workspace/devel/include/g2o/g2o/core/sparse_block_matrix.h
Symlinking /workspace/devel/include/g2o/g2o/core/sparse_block_matrix_ccs.h
Symlinking /workspace/devel/include/g2o/g2o/core/solver.cpp
Symlinking /workspace/devel/include/g2o/g2o/core/parameter_container.h
Symlinking /workspace/devel/include/g2o/g2o/core/batch_stats.h
Symlinking /workspace/devel/include/g2o/g2o/core/eigen_types.h
Symlinking /workspace/devel/include/g2o/g2o/core/optimization_algorithm_dogleg.cpp
Symlinking /workspace/devel/include/g2o/g2o/core/optimization_algorithm_factory.h
Symlinking /workspace/devel/include/g2o/g2o/core/solver.h
Symlinking /workspace/devel/include/g2o/g2o/core/cache.h
Symlinking /workspace/devel/include/g2o/g2o/core/creators.h
Symlinking /workspace/devel/include/g2o/g2o/core/hyper_graph.cpp
Symlinking /workspace/devel/include/g2o/g2o/core/matrix_structure.cpp
Symlinking /workspace/devel/include/g2o/g2o/core/optimization_algorithm.h
Symlinking /workspace/devel/include/g2o/g2o/core/marginal_covariance_cholesky.h
Symlinking /workspace/devel/include/g2o/g2o/core/hyper_dijkstra.cpp
Symlinking /workspace/devel/include/g2o/g2o/core/block_solver.hpp
Symlinking /workspace/devel/include/g2o/g2o/core/optimizable_graph.h
Symlinking /workspace/devel/include/g2o/g2o/core/marginal_covariance_cholesky.cpp
Symlinking /workspace/devel/include/g2o/g2o/core/cache.cpp
Symlinking /workspace/devel/include/g2o/g2o/core/hyper_graph_action.h
Symlinking /workspace/devel/include/g2o/g2o/core/matrix_operations.h
Symlinking /workspace/devel/include/g2o/g2o/core/base_vertex.h
Symlinking /workspace/devel/include/g2o/g2o/core/base_binary_edge.h
Symlinking /workspace/devel/share/g2o_catkin/cmake/g2o_catkinConfig.cmake
Symlinking /workspace/devel/share/g2o_catkin/cmake/g2o-extras.cmake
Symlinking /workspace/devel/share/g2o_catkin/cmake/g2o_catkinConfig-version.cmake
Symlinking /workspace/devel/lib/libg2o_catkin.so
Symlinking /workspace/devel/lib/g2o/libg2o.so
Symlinking /workspace/devel/lib/pkgconfig/g2o_catkin.pc
