Linked: (/workspace/devel/.private/g2o_catkin/include/g2o/config.h, /workspace/devel/include/g2o/config.h)
Linked: (/workspace/devel/.private/g2o_catkin/include/g2o/g2o/stuff/timeutil.h, /workspace/devel/include/g2o/g2o/stuff/timeutil.h)
Linked: (/workspace/devel/.private/g2o_catkin/include/g2o/g2o/stuff/string_tools.cpp, /workspace/devel/include/g2o/g2o/stuff/string_tools.cpp)
Linked: (/workspace/devel/.private/g2o_catkin/include/g2o/g2o/stuff/color_macros.h, /workspace/devel/include/g2o/g2o/stuff/color_macros.h)
Linked: (/workspace/devel/.private/g2o_catkin/include/g2o/g2o/stuff/timeutil.cpp, /workspace/devel/include/g2o/g2o/stuff/timeutil.cpp)
Linked: (/workspace/devel/.private/g2o_catkin/include/g2o/g2o/stuff/os_specific.h, /workspace/devel/include/g2o/g2o/stuff/os_specific.h)
Linked: (/workspace/devel/.private/g2o_catkin/include/g2o/g2o/stuff/misc.h, /workspace/devel/include/g2o/g2o/stuff/misc.h)
Linked: (/workspace/devel/.private/g2o_catkin/include/g2o/g2o/stuff/property.cpp, /workspace/devel/include/g2o/g2o/stuff/property.cpp)
Linked: (/workspace/devel/.private/g2o_catkin/include/g2o/g2o/stuff/string_tools.h, /workspace/devel/include/g2o/g2o/stuff/string_tools.h)
Linked: (/workspace/devel/.private/g2o_catkin/include/g2o/g2o/stuff/property.h, /workspace/devel/include/g2o/g2o/stuff/property.h)
Linked: (/workspace/devel/.private/g2o_catkin/include/g2o/g2o/stuff/macros.h, /workspace/devel/include/g2o/g2o/stuff/macros.h)
Linked: (/workspace/devel/.private/g2o_catkin/include/g2o/g2o/stuff/os_specific.c, /workspace/devel/include/g2o/g2o/stuff/os_specific.c)
Linked: (/workspace/devel/.private/g2o_catkin/include/g2o/g2o/types/types_six_dof_expmap.cpp, /workspace/devel/include/g2o/g2o/types/types_six_dof_expmap.cpp)
Linked: (/workspace/devel/.private/g2o_catkin/include/g2o/g2o/types/se3quat.h, /workspace/devel/include/g2o/g2o/types/se3quat.h)
Linked: (/workspace/devel/.private/g2o_catkin/include/g2o/g2o/types/se3_ops.h, /workspace/devel/include/g2o/g2o/types/se3_ops.h)
Linked: (/workspace/devel/.private/g2o_catkin/include/g2o/g2o/types/types_seven_dof_expmap.cpp, /workspace/devel/include/g2o/g2o/types/types_seven_dof_expmap.cpp)
Linked: (/workspace/devel/.private/g2o_catkin/include/g2o/g2o/types/types_sba.h, /workspace/devel/include/g2o/g2o/types/types_sba.h)
Linked: (/workspace/devel/.private/g2o_catkin/include/g2o/g2o/types/sim3.h, /workspace/devel/include/g2o/g2o/types/sim3.h)
Linked: (/workspace/devel/.private/g2o_catkin/include/g2o/g2o/types/se3mat.cpp, /workspace/devel/include/g2o/g2o/types/se3mat.cpp)
Linked: (/workspace/devel/.private/g2o_catkin/include/g2o/g2o/types/types_seven_dof_expmap.h, /workspace/devel/include/g2o/g2o/types/types_seven_dof_expmap.h)
Linked: (/workspace/devel/.private/g2o_catkin/include/g2o/g2o/types/types_sba.cpp, /workspace/devel/include/g2o/g2o/types/types_sba.cpp)
Linked: (/workspace/devel/.private/g2o_catkin/include/g2o/g2o/types/types_six_dof_expmap.h, /workspace/devel/include/g2o/g2o/types/types_six_dof_expmap.h)
Linked: (/workspace/devel/.private/g2o_catkin/include/g2o/g2o/types/se3_ops.hpp, /workspace/devel/include/g2o/g2o/types/se3_ops.hpp)
Linked: (/workspace/devel/.private/g2o_catkin/include/g2o/g2o/types/se3mat.h, /workspace/devel/include/g2o/g2o/types/se3mat.h)
Linked: (/workspace/devel/.private/g2o_catkin/include/g2o/g2o/solvers/linear_solver_dense.h, /workspace/devel/include/g2o/g2o/solvers/linear_solver_dense.h)
Linked: (/workspace/devel/.private/g2o_catkin/include/g2o/g2o/solvers/linear_solver_eigen.h, /workspace/devel/include/g2o/g2o/solvers/linear_solver_eigen.h)
Linked: (/workspace/devel/.private/g2o_catkin/include/g2o/g2o/core/block_solver.h, /workspace/devel/include/g2o/g2o/core/block_solver.h)
Linked: (/workspace/devel/.private/g2o_catkin/include/g2o/g2o/core/optimization_algorithm_levenberg.h, /workspace/devel/include/g2o/g2o/core/optimization_algorithm_levenberg.h)
Linked: (/workspace/devel/.private/g2o_catkin/include/g2o/g2o/core/sparse_optimizer.cpp, /workspace/devel/include/g2o/g2o/core/sparse_optimizer.cpp)
Linked: (/workspace/devel/.private/g2o_catkin/include/g2o/g2o/core/robust_kernel.h, /workspace/devel/include/g2o/g2o/core/robust_kernel.h)
Linked: (/workspace/devel/.private/g2o_catkin/include/g2o/g2o/core/optimization_algorithm_gauss_newton.cpp, /workspace/devel/include/g2o/g2o/core/optimization_algorithm_gauss_newton.cpp)
Linked: (/workspace/devel/.private/g2o_catkin/include/g2o/g2o/core/robust_kernel_factory.cpp, /workspace/devel/include/g2o/g2o/core/robust_kernel_factory.cpp)
Linked: (/workspace/devel/.private/g2o_catkin/include/g2o/g2o/core/sparse_block_matrix_diagonal.h, /workspace/devel/include/g2o/g2o/core/sparse_block_matrix_diagonal.h)
Linked: (/workspace/devel/.private/g2o_catkin/include/g2o/g2o/core/base_unary_edge.h, /workspace/devel/include/g2o/g2o/core/base_unary_edge.h)
Linked: (/workspace/devel/.private/g2o_catkin/include/g2o/g2o/core/optimizable_graph.cpp, /workspace/devel/include/g2o/g2o/core/optimizable_graph.cpp)
Linked: (/workspace/devel/.private/g2o_catkin/include/g2o/g2o/core/matrix_structure.h, /workspace/devel/include/g2o/g2o/core/matrix_structure.h)
Linked: (/workspace/devel/.private/g2o_catkin/include/g2o/g2o/core/base_edge.h, /workspace/devel/include/g2o/g2o/core/base_edge.h)
Linked: (/workspace/devel/.private/g2o_catkin/include/g2o/g2o/core/factory.cpp, /workspace/devel/include/g2o/g2o/core/factory.cpp)
Linked: (/workspace/devel/.private/g2o_catkin/include/g2o/g2o/core/base_binary_edge.hpp, /workspace/devel/include/g2o/g2o/core/base_binary_edge.hpp)
Linked: (/workspace/devel/.private/g2o_catkin/include/g2o/g2o/core/jacobian_workspace.cpp, /workspace/devel/include/g2o/g2o/core/jacobian_workspace.cpp)
Linked: (/workspace/devel/.private/g2o_catkin/include/g2o/g2o/core/robust_kernel.cpp, /workspace/devel/include/g2o/g2o/core/robust_kernel.cpp)
Linked: (/workspace/devel/.private/g2o_catkin/include/g2o/g2o/core/optimization_algorithm_property.h, /workspace/devel/include/g2o/g2o/core/optimization_algorithm_property.h)
Linked: (/workspace/devel/.private/g2o_catkin/include/g2o/g2o/core/optimization_algorithm_gauss_newton.h, /workspace/devel/include/g2o/g2o/core/optimization_algorithm_gauss_newton.h)
Linked: (/workspace/devel/.private/g2o_catkin/include/g2o/g2o/core/robust_kernel_impl.h, /workspace/devel/include/g2o/g2o/core/robust_kernel_impl.h)
Linked: (/workspace/devel/.private/g2o_catkin/include/g2o/g2o/core/parameter.h, /workspace/devel/include/g2o/g2o/core/parameter.h)
Linked: (/workspace/devel/.private/g2o_catkin/include/g2o/g2o/core/estimate_propagator.h, /workspace/devel/include/g2o/g2o/core/estimate_propagator.h)
Linked: (/workspace/devel/.private/g2o_catkin/include/g2o/g2o/core/estimate_propagator.cpp, /workspace/devel/include/g2o/g2o/core/estimate_propagator.cpp)
Linked: (/workspace/devel/.private/g2o_catkin/include/g2o/g2o/core/optimization_algorithm_levenberg.cpp, /workspace/devel/include/g2o/g2o/core/optimization_algorithm_levenberg.cpp)
Linked: (/workspace/devel/.private/g2o_catkin/include/g2o/g2o/core/openmp_mutex.h, /workspace/devel/include/g2o/g2o/core/openmp_mutex.h)
Linked: (/workspace/devel/.private/g2o_catkin/include/g2o/g2o/core/parameter.cpp, /workspace/devel/include/g2o/g2o/core/parameter.cpp)
Linked: (/workspace/devel/.private/g2o_catkin/include/g2o/g2o/core/optimization_algorithm_dogleg.h, /workspace/devel/include/g2o/g2o/core/optimization_algorithm_dogleg.h)
Linked: (/workspace/devel/.private/g2o_catkin/include/g2o/g2o/core/optimization_algorithm_factory.cpp, /workspace/devel/include/g2o/g2o/core/optimization_algorithm_factory.cpp)
Linked: (/workspace/devel/.private/g2o_catkin/include/g2o/g2o/core/jacobian_workspace.h, /workspace/devel/include/g2o/g2o/core/jacobian_workspace.h)
Linked: (/workspace/devel/.private/g2o_catkin/include/g2o/g2o/core/optimization_algorithm_with_hessian.h, /workspace/devel/include/g2o/g2o/core/optimization_algorithm_with_hessian.h)
Linked: (/workspace/devel/.private/g2o_catkin/include/g2o/g2o/core/hyper_graph.h, /workspace/devel/include/g2o/g2o/core/hyper_graph.h)
Linked: (/workspace/devel/.private/g2o_catkin/include/g2o/g2o/core/sparse_block_matrix.hpp, /workspace/devel/include/g2o/g2o/core/sparse_block_matrix.hpp)
Linked: (/workspace/devel/.private/g2o_catkin/include/g2o/g2o/core/batch_stats.cpp, /workspace/devel/include/g2o/g2o/core/batch_stats.cpp)
Linked: (/workspace/devel/.private/g2o_catkin/include/g2o/g2o/core/hyper_graph_action.cpp, /workspace/devel/include/g2o/g2o/core/hyper_graph_action.cpp)
Linked: (/workspace/devel/.private/g2o_catkin/include/g2o/g2o/core/robust_kernel_impl.cpp, /workspace/devel/include/g2o/g2o/core/robust_kernel_impl.cpp)
Linked: (/workspace/devel/.private/g2o_catkin/include/g2o/g2o/core/robust_kernel_factory.h, /workspace/devel/include/g2o/g2o/core/robust_kernel_factory.h)
Linked: (/workspace/devel/.private/g2o_catkin/include/g2o/g2o/core/linear_solver.h, /workspace/devel/include/g2o/g2o/core/linear_solver.h)
Linked: (/workspace/devel/.private/g2o_catkin/include/g2o/g2o/core/base_unary_edge.hpp, /workspace/devel/include/g2o/g2o/core/base_unary_edge.hpp)
Linked: (/workspace/devel/.private/g2o_catkin/include/g2o/g2o/core/hyper_dijkstra.h, /workspace/devel/include/g2o/g2o/core/hyper_dijkstra.h)
Linked: (/workspace/devel/.private/g2o_catkin/include/g2o/g2o/core/sparse_block_matrix_test.cpp, /workspace/devel/include/g2o/g2o/core/sparse_block_matrix_test.cpp)
Linked: (/workspace/devel/.private/g2o_catkin/include/g2o/g2o/core/base_multi_edge.hpp, /workspace/devel/include/g2o/g2o/core/base_multi_edge.hpp)
Linked: (/workspace/devel/.private/g2o_catkin/include/g2o/g2o/core/sparse_optimizer.h, /workspace/devel/include/g2o/g2o/core/sparse_optimizer.h)
Linked: (/workspace/devel/.private/g2o_catkin/include/g2o/g2o/core/base_vertex.hpp, /workspace/devel/include/g2o/g2o/core/base_vertex.hpp)
Linked: (/workspace/devel/.private/g2o_catkin/include/g2o/g2o/core/factory.h, /workspace/devel/include/g2o/g2o/core/factory.h)
Linked: (/workspace/devel/.private/g2o_catkin/include/g2o/g2o/core/base_multi_edge.h, /workspace/devel/include/g2o/g2o/core/base_multi_edge.h)
Linked: (/workspace/devel/.private/g2o_catkin/include/g2o/g2o/core/optimization_algorithm.cpp, /workspace/devel/include/g2o/g2o/core/optimization_algorithm.cpp)
Linked: (/workspace/devel/.private/g2o_catkin/include/g2o/g2o/core/optimization_algorithm_with_hessian.cpp, /workspace/devel/include/g2o/g2o/core/optimization_algorithm_with_hessian.cpp)
Linked: (/workspace/devel/.private/g2o_catkin/include/g2o/g2o/core/parameter_container.cpp, /workspace/devel/include/g2o/g2o/core/parameter_container.cpp)
Linked: (/workspace/devel/.private/g2o_catkin/include/g2o/g2o/core/sparse_block_matrix.h, /workspace/devel/include/g2o/g2o/core/sparse_block_matrix.h)
Linked: (/workspace/devel/.private/g2o_catkin/include/g2o/g2o/core/sparse_block_matrix_ccs.h, /workspace/devel/include/g2o/g2o/core/sparse_block_matrix_ccs.h)
Linked: (/workspace/devel/.private/g2o_catkin/include/g2o/g2o/core/solver.cpp, /workspace/devel/include/g2o/g2o/core/solver.cpp)
Linked: (/workspace/devel/.private/g2o_catkin/include/g2o/g2o/core/parameter_container.h, /workspace/devel/include/g2o/g2o/core/parameter_container.h)
Linked: (/workspace/devel/.private/g2o_catkin/include/g2o/g2o/core/batch_stats.h, /workspace/devel/include/g2o/g2o/core/batch_stats.h)
Linked: (/workspace/devel/.private/g2o_catkin/include/g2o/g2o/core/eigen_types.h, /workspace/devel/include/g2o/g2o/core/eigen_types.h)
Linked: (/workspace/devel/.private/g2o_catkin/include/g2o/g2o/core/optimization_algorithm_dogleg.cpp, /workspace/devel/include/g2o/g2o/core/optimization_algorithm_dogleg.cpp)
Linked: (/workspace/devel/.private/g2o_catkin/include/g2o/g2o/core/optimization_algorithm_factory.h, /workspace/devel/include/g2o/g2o/core/optimization_algorithm_factory.h)
Linked: (/workspace/devel/.private/g2o_catkin/include/g2o/g2o/core/solver.h, /workspace/devel/include/g2o/g2o/core/solver.h)
Linked: (/workspace/devel/.private/g2o_catkin/include/g2o/g2o/core/cache.h, /workspace/devel/include/g2o/g2o/core/cache.h)
Linked: (/workspace/devel/.private/g2o_catkin/include/g2o/g2o/core/creators.h, /workspace/devel/include/g2o/g2o/core/creators.h)
Linked: (/workspace/devel/.private/g2o_catkin/include/g2o/g2o/core/hyper_graph.cpp, /workspace/devel/include/g2o/g2o/core/hyper_graph.cpp)
Linked: (/workspace/devel/.private/g2o_catkin/include/g2o/g2o/core/matrix_structure.cpp, /workspace/devel/include/g2o/g2o/core/matrix_structure.cpp)
Linked: (/workspace/devel/.private/g2o_catkin/include/g2o/g2o/core/optimization_algorithm.h, /workspace/devel/include/g2o/g2o/core/optimization_algorithm.h)
Linked: (/workspace/devel/.private/g2o_catkin/include/g2o/g2o/core/marginal_covariance_cholesky.h, /workspace/devel/include/g2o/g2o/core/marginal_covariance_cholesky.h)
Linked: (/workspace/devel/.private/g2o_catkin/include/g2o/g2o/core/hyper_dijkstra.cpp, /workspace/devel/include/g2o/g2o/core/hyper_dijkstra.cpp)
Linked: (/workspace/devel/.private/g2o_catkin/include/g2o/g2o/core/block_solver.hpp, /workspace/devel/include/g2o/g2o/core/block_solver.hpp)
Linked: (/workspace/devel/.private/g2o_catkin/include/g2o/g2o/core/optimizable_graph.h, /workspace/devel/include/g2o/g2o/core/optimizable_graph.h)
Linked: (/workspace/devel/.private/g2o_catkin/include/g2o/g2o/core/marginal_covariance_cholesky.cpp, /workspace/devel/include/g2o/g2o/core/marginal_covariance_cholesky.cpp)
Linked: (/workspace/devel/.private/g2o_catkin/include/g2o/g2o/core/cache.cpp, /workspace/devel/include/g2o/g2o/core/cache.cpp)
Linked: (/workspace/devel/.private/g2o_catkin/include/g2o/g2o/core/hyper_graph_action.h, /workspace/devel/include/g2o/g2o/core/hyper_graph_action.h)
Linked: (/workspace/devel/.private/g2o_catkin/include/g2o/g2o/core/matrix_operations.h, /workspace/devel/include/g2o/g2o/core/matrix_operations.h)
Linked: (/workspace/devel/.private/g2o_catkin/include/g2o/g2o/core/base_vertex.h, /workspace/devel/include/g2o/g2o/core/base_vertex.h)
Linked: (/workspace/devel/.private/g2o_catkin/include/g2o/g2o/core/base_binary_edge.h, /workspace/devel/include/g2o/g2o/core/base_binary_edge.h)
Linked: (/workspace/devel/.private/g2o_catkin/share/g2o_catkin/cmake/g2o_catkinConfig.cmake, /workspace/devel/share/g2o_catkin/cmake/g2o_catkinConfig.cmake)
Linked: (/workspace/devel/.private/g2o_catkin/share/g2o_catkin/cmake/g2o-extras.cmake, /workspace/devel/share/g2o_catkin/cmake/g2o-extras.cmake)
Linked: (/workspace/devel/.private/g2o_catkin/share/g2o_catkin/cmake/g2o_catkinConfig-version.cmake, /workspace/devel/share/g2o_catkin/cmake/g2o_catkinConfig-version.cmake)
Linked: (/workspace/devel/.private/g2o_catkin/lib/libg2o_catkin.so, /workspace/devel/lib/libg2o_catkin.so)
Linked: (/workspace/devel/.private/g2o_catkin/lib/g2o/libg2o.so, /workspace/devel/lib/g2o/libg2o.so)
Linked: (/workspace/devel/.private/g2o_catkin/lib/pkgconfig/g2o_catkin.pc, /workspace/devel/lib/pkgconfig/g2o_catkin.pc)
