[35m[1mScanning dependencies of target g2o_src[0m
[ 10%] [34m[1mCreating directories for 'g2o_src'[0m
[ 20%] [34m[1mPerforming download step (git clone) for 'g2o_src'[0m
Cloning into 'g2o_src'...
Your branch is up to date with 'origin/master'.
Already on 'master'
[ 30%] [34m[1mNo update step for 'g2o_src'[0m
[ 40%] [34m[1mNo patch step for 'g2o_src'[0m
[ 50%] [34m[1mPerforming configure step for 'g2o_src'[0m
-- The C compiler identification is GNU 9.4.0
-- The CXX compiler identification is GNU 9.4.0
-- Check for working C compiler: /usr/bin/cc
-- Check for working C compiler: /usr/bin/cc -- works
-- Detecting C compiler ABI info
-- Detecting C compiler ABI info - done
-- Detecting C compile features
-- Detecting C compile features - done
-- Check for working CXX compiler: /usr/bin/c++
-- Check for working CXX compiler: /usr/bin/c++ -- works
-- Detecting CXX compiler ABI info
-- Detecting CXX compiler ABI info - done
-- Detecting CXX compile features
-- Detecting CXX compile features - done
-- BUILD TYPE:Release
-- Compiling on Unix
-- Found OpenMP_C: -fopenmp (found version "4.5") 
-- Found OpenMP_CXX: -fopenmp (found version "4.5") 
-- Found OpenMP: TRUE (found version "4.5")  
-- Configuring done
-- Generating done
-- Build files have been written to: /workspace/build/g2o_catkin/g2o_src-prefix/src/g2o_src
[ 60%] [34m[1mPerforming build step for 'g2o_src'[0m
make[3]: warning: -j2 forced in submake: resetting jobserver mode.
[35m[1mScanning dependencies of target g2o[0m
[  6%] [32mBuilding CXX object CMakeFiles/g2o.dir/g2o/types/types_six_dof_expmap.cpp.o[0m
[  6%] [32mBuilding CXX object CMakeFiles/g2o.dir/g2o/types/types_sba.cpp.o[0m
In file included from [01m[K/workspace/build/g2o_catkin/g2o_src-prefix/src/g2o_src/g2o/types/types_six_dof_expmap.h:37[m[K,
                 from [01m[K/workspace/build/g2o_catkin/g2o_src-prefix/src/g2o_src/g2o/types/types_six_dof_expmap.cpp:27[m[K:
[01m[K/workspace/build/g2o_catkin/g2o_src-prefix/src/g2o_src/g2o/types/../core/base_vertex.h:62:74:[m[K [01;35m[Kwarning: [m[K‘[01m[KEigen::AlignedBit[m[K’ is deprecated [[01;35m[K-Wdeprecated-declarations[m[K]
   62 |     typedef Eigen::Map<Matrix<double, D, D>, Matrix<double,D,D>::Flags & [01;35m[KAlignedBit[m[K ? Aligned : Unaligned >  HessianBlockType;
      |                                                                          [01;35m[K^~~~~~~~~~[m[K
In file included from [01m[K/usr/include/eigen3/Eigen/Core:363[m[K,
                 from [01m[K/workspace/build/g2o_catkin/g2o_src-prefix/src/g2o_src/g2o/types/../core/jacobian_workspace.h:30[m[K,
                 from [01m[K/workspace/build/g2o_catkin/g2o_src-prefix/src/g2o_src/g2o/types/../core/optimizable_graph.h:41[m[K,
                 from [01m[K/workspace/build/g2o_catkin/g2o_src-prefix/src/g2o_src/g2o/types/../core/base_vertex.h:30[m[K,
                 from [01m[K/workspace/build/g2o_catkin/g2o_src-prefix/src/g2o_src/g2o/types/types_six_dof_expmap.h:37[m[K,
                 from [01m[K/workspace/build/g2o_catkin/g2o_src-prefix/src/g2o_src/g2o/types/types_six_dof_expmap.cpp:27[m[K:
[01m[K/usr/include/eigen3/Eigen/src/Core/util/Constants.h:162:37:[m[K [01;36m[Knote: [m[Kdeclared here
  162 | EIGEN_DEPRECATED const unsigned int [01;36m[KAlignedBit[m[K = 0x80;
      |                                     [01;36m[K^~~~~~~~~~[m[K
In file included from [01m[K/workspace/build/g2o_catkin/g2o_src-prefix/src/g2o_src/g2o/types/types_sba.h:30[m[K,
                 from [01m[K/workspace/build/g2o_catkin/g2o_src-prefix/src/g2o_src/g2o/types/types_sba.cpp:27[m[K:
[01m[K/workspace/build/g2o_catkin/g2o_src-prefix/src/g2o_src/g2o/types/../core/base_vertex.h:62:74:[m[K [01;35m[Kwarning: [m[K‘[01m[KEigen::AlignedBit[m[K’ is deprecated [[01;35m[K-Wdeprecated-declarations[m[K]
   62 |     typedef Eigen::Map<Matrix<double, D, D>, Matrix<double,D,D>::Flags & [01;35m[KAlignedBit[m[K ? Aligned : Unaligned >  HessianBlockType;
      |                                                                          [01;35m[K^~~~~~~~~~[m[K
In file included from [01m[K/usr/include/eigen3/Eigen/Core:363[m[K,
                 from [01m[K/workspace/build/g2o_catkin/g2o_src-prefix/src/g2o_src/g2o/types/../core/jacobian_workspace.h:30[m[K,
                 from [01m[K/workspace/build/g2o_catkin/g2o_src-prefix/src/g2o_src/g2o/types/../core/optimizable_graph.h:41[m[K,
                 from [01m[K/workspace/build/g2o_catkin/g2o_src-prefix/src/g2o_src/g2o/types/../core/base_vertex.h:30[m[K,
                 from [01m[K/workspace/build/g2o_catkin/g2o_src-prefix/src/g2o_src/g2o/types/types_sba.h:30[m[K,
                 from [01m[K/workspace/build/g2o_catkin/g2o_src-prefix/src/g2o_src/g2o/types/types_sba.cpp:27[m[K:
[01m[K/usr/include/eigen3/Eigen/src/Core/util/Constants.h:162:37:[m[K [01;36m[Knote: [m[Kdeclared here
  162 | EIGEN_DEPRECATED const unsigned int [01;36m[KAlignedBit[m[K = 0x80;
      |                                     [01;36m[K^~~~~~~~~~[m[K
In file included from [01m[K/workspace/build/g2o_catkin/g2o_src-prefix/src/g2o_src/g2o/types/types_sba.h:30[m[K,
                 from [01m[K/workspace/build/g2o_catkin/g2o_src-prefix/src/g2o_src/g2o/types/types_sba.cpp:27[m[K:
/workspace/build/g2o_catkin/g2o_src-prefix/src/g2o_src/g2o/types/../core/base_vertex.h: In instantiation of ‘[01m[Kclass g2o::BaseVertex<3, Eigen::Matrix<double, 3, 1> >[m[K’:
[01m[K/workspace/build/g2o_catkin/g2o_src-prefix/src/g2o_src/g2o/types/types_sba.h:40:35:[m[K   required from here
[01m[K/workspace/build/g2o_catkin/g2o_src-prefix/src/g2o_src/g2o/types/../core/base_vertex.h:62:72:[m[K [01;35m[Kwarning: [m[K‘[01m[KEigen::AlignedBit[m[K’ is deprecated [[01;35m[K-Wdeprecated-declarations[m[K]
   62 |     typedef Eigen::Map<Matrix<double, D, D>, Matrix<double,D,D>::[01;35m[KFlags & AlignedBit[m[K ? Aligned : Unaligned >  HessianBlockType;
      |                                                                  [01;35m[K~~~~~~^~~~~~~~~~~~[m[K
In file included from [01m[K/usr/include/eigen3/Eigen/Core:363[m[K,
                 from [01m[K/workspace/build/g2o_catkin/g2o_src-prefix/src/g2o_src/g2o/types/../core/jacobian_workspace.h:30[m[K,
                 from [01m[K/workspace/build/g2o_catkin/g2o_src-prefix/src/g2o_src/g2o/types/../core/optimizable_graph.h:41[m[K,
                 from [01m[K/workspace/build/g2o_catkin/g2o_src-prefix/src/g2o_src/g2o/types/../core/base_vertex.h:30[m[K,
                 from [01m[K/workspace/build/g2o_catkin/g2o_src-prefix/src/g2o_src/g2o/types/types_sba.h:30[m[K,
                 from [01m[K/workspace/build/g2o_catkin/g2o_src-prefix/src/g2o_src/g2o/types/types_sba.cpp:27[m[K:
[01m[K/usr/include/eigen3/Eigen/src/Core/util/Constants.h:162:37:[m[K [01;36m[Knote: [m[Kdeclared here
  162 | EIGEN_DEPRECATED const unsigned int [01;36m[KAlignedBit[m[K = 0x80;
      |                                     [01;36m[K^~~~~~~~~~[m[K
In file included from [01m[K/workspace/build/g2o_catkin/g2o_src-prefix/src/g2o_src/g2o/types/types_six_dof_expmap.h:38[m[K,
                 from [01m[K/workspace/build/g2o_catkin/g2o_src-prefix/src/g2o_src/g2o/types/types_six_dof_expmap.cpp:27[m[K:
[01m[K/workspace/build/g2o_catkin/g2o_src-prefix/src/g2o_src/g2o/types/../core/base_binary_edge.h:59:82:[m[K [01;35m[Kwarning: [m[K‘[01m[KEigen::AlignedBit[m[K’ is deprecated [[01;35m[K-Wdeprecated-declarations[m[K]
   59 |       typedef Eigen::Map<Matrix<double, Di, Dj>, Matrix<double, Di, Dj>::Flags & [01;35m[KAlignedBit[m[K ? Aligned : Unaligned > HessianBlockType;
      |                                                                                  [01;35m[K^~~~~~~~~~[m[K
In file included from [01m[K/usr/include/eigen3/Eigen/Core:363[m[K,
                 from [01m[K/workspace/build/g2o_catkin/g2o_src-prefix/src/g2o_src/g2o/types/../core/jacobian_workspace.h:30[m[K,
                 from [01m[K/workspace/build/g2o_catkin/g2o_src-prefix/src/g2o_src/g2o/types/../core/optimizable_graph.h:41[m[K,
                 from [01m[K/workspace/build/g2o_catkin/g2o_src-prefix/src/g2o_src/g2o/types/../core/base_vertex.h:30[m[K,
                 from [01m[K/workspace/build/g2o_catkin/g2o_src-prefix/src/g2o_src/g2o/types/types_six_dof_expmap.h:37[m[K,
                 from [01m[K/workspace/build/g2o_catkin/g2o_src-prefix/src/g2o_src/g2o/types/types_six_dof_expmap.cpp:27[m[K:
[01m[K/usr/include/eigen3/Eigen/src/Core/util/Constants.h:162:37:[m[K [01;36m[Knote: [m[Kdeclared here
  162 | EIGEN_DEPRECATED const unsigned int [01;36m[KAlignedBit[m[K = 0x80;
      |                                     [01;36m[K^~~~~~~~~~[m[K
In file included from [01m[K/workspace/build/g2o_catkin/g2o_src-prefix/src/g2o_src/g2o/types/types_six_dof_expmap.h:38[m[K,
                 from [01m[K/workspace/build/g2o_catkin/g2o_src-prefix/src/g2o_src/g2o/types/types_six_dof_expmap.cpp:27[m[K:
[01m[K/workspace/build/g2o_catkin/g2o_src-prefix/src/g2o_src/g2o/types/../core/base_binary_edge.h:60:82:[m[K [01;35m[Kwarning: [m[K‘[01m[KEigen::AlignedBit[m[K’ is deprecated [[01;35m[K-Wdeprecated-declarations[m[K]
   60 |       typedef Eigen::Map<Matrix<double, Dj, Di>, Matrix<double, Dj, Di>::Flags & [01;35m[KAlignedBit[m[K ? Aligned : Unaligned > HessianBlockTransposedType;
      |                                                                                  [01;35m[K^~~~~~~~~~[m[K
In file included from [01m[K/usr/include/eigen3/Eigen/Core:363[m[K,
                 from [01m[K/workspace/build/g2o_catkin/g2o_src-prefix/src/g2o_src/g2o/types/../core/jacobian_workspace.h:30[m[K,
                 from [01m[K/workspace/build/g2o_catkin/g2o_src-prefix/src/g2o_src/g2o/types/../core/optimizable_graph.h:41[m[K,
                 from [01m[K/workspace/build/g2o_catkin/g2o_src-prefix/src/g2o_src/g2o/types/../core/base_vertex.h:30[m[K,
                 from [01m[K/workspace/build/g2o_catkin/g2o_src-prefix/src/g2o_src/g2o/types/types_six_dof_expmap.h:37[m[K,
                 from [01m[K/workspace/build/g2o_catkin/g2o_src-prefix/src/g2o_src/g2o/types/types_six_dof_expmap.cpp:27[m[K:
[01m[K/usr/include/eigen3/Eigen/src/Core/util/Constants.h:162:37:[m[K [01;36m[Knote: [m[Kdeclared here
  162 | EIGEN_DEPRECATED const unsigned int [01;36m[KAlignedBit[m[K = 0x80;
      |                                     [01;36m[K^~~~~~~~~~[m[K
In file included from [01m[K/workspace/build/g2o_catkin/g2o_src-prefix/src/g2o_src/g2o/types/types_six_dof_expmap.h:37[m[K,
                 from [01m[K/workspace/build/g2o_catkin/g2o_src-prefix/src/g2o_src/g2o/types/types_six_dof_expmap.cpp:27[m[K:
/workspace/build/g2o_catkin/g2o_src-prefix/src/g2o_src/g2o/types/../core/base_vertex.h: In instantiation of ‘[01m[Kclass g2o::BaseVertex<3, Eigen::Matrix<double, 3, 1> >[m[K’:
[01m[K/workspace/build/g2o_catkin/g2o_src-prefix/src/g2o_src/g2o/types/types_sba.h:40:35:[m[K   required from here
[01m[K/workspace/build/g2o_catkin/g2o_src-prefix/src/g2o_src/g2o/types/../core/base_vertex.h:62:72:[m[K [01;35m[Kwarning: [m[K‘[01m[KEigen::AlignedBit[m[K’ is deprecated [[01;35m[K-Wdeprecated-declarations[m[K]
   62 |     typedef Eigen::Map<Matrix<double, D, D>, Matrix<double,D,D>::[01;35m[KFlags & AlignedBit[m[K ? Aligned : Unaligned >  HessianBlockType;
      |                                                                  [01;35m[K~~~~~~^~~~~~~~~~~~[m[K
In file included from [01m[K/usr/include/eigen3/Eigen/Core:363[m[K,
                 from [01m[K/workspace/build/g2o_catkin/g2o_src-prefix/src/g2o_src/g2o/types/../core/jacobian_workspace.h:30[m[K,
                 from [01m[K/workspace/build/g2o_catkin/g2o_src-prefix/src/g2o_src/g2o/types/../core/optimizable_graph.h:41[m[K,
                 from [01m[K/workspace/build/g2o_catkin/g2o_src-prefix/src/g2o_src/g2o/types/../core/base_vertex.h:30[m[K,
                 from [01m[K/workspace/build/g2o_catkin/g2o_src-prefix/src/g2o_src/g2o/types/types_six_dof_expmap.h:37[m[K,
                 from [01m[K/workspace/build/g2o_catkin/g2o_src-prefix/src/g2o_src/g2o/types/types_six_dof_expmap.cpp:27[m[K:
[01m[K/usr/include/eigen3/Eigen/src/Core/util/Constants.h:162:37:[m[K [01;36m[Knote: [m[Kdeclared here
  162 | EIGEN_DEPRECATED const unsigned int [01;36m[KAlignedBit[m[K = 0x80;
      |                                     [01;36m[K^~~~~~~~~~[m[K
In file included from [01m[K/workspace/build/g2o_catkin/g2o_src-prefix/src/g2o_src/g2o/types/types_six_dof_expmap.h:37[m[K,
                 from [01m[K/workspace/build/g2o_catkin/g2o_src-prefix/src/g2o_src/g2o/types/types_six_dof_expmap.cpp:27[m[K:
/workspace/build/g2o_catkin/g2o_src-prefix/src/g2o_src/g2o/types/../core/base_vertex.h: In instantiation of ‘[01m[Kclass g2o::BaseVertex<6, g2o::SE3Quat>[m[K’:
[01m[K/workspace/build/g2o_catkin/g2o_src-prefix/src/g2o_src/g2o/types/types_six_dof_expmap.h:59:33:[m[K   required from here
[01m[K/workspace/build/g2o_catkin/g2o_src-prefix/src/g2o_src/g2o/types/../core/base_vertex.h:62:72:[m[K [01;35m[Kwarning: [m[K‘[01m[KEigen::AlignedBit[m[K’ is deprecated [[01;35m[K-Wdeprecated-declarations[m[K]
   62 |     typedef Eigen::Map<Matrix<double, D, D>, Matrix<double,D,D>::[01;35m[KFlags & AlignedBit[m[K ? Aligned : Unaligned >  HessianBlockType;
      |                                                                  [01;35m[K~~~~~~^~~~~~~~~~~~[m[K
In file included from [01m[K/usr/include/eigen3/Eigen/Core:363[m[K,
                 from [01m[K/workspace/build/g2o_catkin/g2o_src-prefix/src/g2o_src/g2o/types/../core/jacobian_workspace.h:30[m[K,
                 from [01m[K/workspace/build/g2o_catkin/g2o_src-prefix/src/g2o_src/g2o/types/../core/optimizable_graph.h:41[m[K,
                 from [01m[K/workspace/build/g2o_catkin/g2o_src-prefix/src/g2o_src/g2o/types/../core/base_vertex.h:30[m[K,
                 from [01m[K/workspace/build/g2o_catkin/g2o_src-prefix/src/g2o_src/g2o/types/types_six_dof_expmap.h:37[m[K,
                 from [01m[K/workspace/build/g2o_catkin/g2o_src-prefix/src/g2o_src/g2o/types/types_six_dof_expmap.cpp:27[m[K:
[01m[K/usr/include/eigen3/Eigen/src/Core/util/Constants.h:162:37:[m[K [01;36m[Knote: [m[Kdeclared here
  162 | EIGEN_DEPRECATED const unsigned int [01;36m[KAlignedBit[m[K = 0x80;
      |                                     [01;36m[K^~~~~~~~~~[m[K
In file included from [01m[K/workspace/build/g2o_catkin/g2o_src-prefix/src/g2o_src/g2o/types/types_six_dof_expmap.h:38[m[K,
                 from [01m[K/workspace/build/g2o_catkin/g2o_src-prefix/src/g2o_src/g2o/types/types_six_dof_expmap.cpp:27[m[K:
/workspace/build/g2o_catkin/g2o_src-prefix/src/g2o_src/g2o/types/../core/base_binary_edge.h: In instantiation of ‘[01m[Kclass g2o::BaseBinaryEdge<6, g2o::SE3Quat, g2o::VertexSE3Expmap, g2o::VertexSE3Expmap>[m[K’:
[01m[K/workspace/build/g2o_catkin/g2o_src-prefix/src/g2o_src/g2o/types/types_six_dof_expmap.h:83:24:[m[K   required from here
[01m[K/workspace/build/g2o_catkin/g2o_src-prefix/src/g2o_src/g2o/types/../core/base_binary_edge.h:59:80:[m[K [01;35m[Kwarning: [m[K‘[01m[KEigen::AlignedBit[m[K’ is deprecated [[01;35m[K-Wdeprecated-declarations[m[K]
   59 |       typedef Eigen::Map<Matrix<double, Di, Dj>, Matrix<double, Di, Dj>::[01;35m[KFlags & AlignedBit[m[K ? Aligned : Unaligned > HessianBlockType;
      |                                                                          [01;35m[K~~~~~~^~~~~~~~~~~~[m[K
In file included from [01m[K/usr/include/eigen3/Eigen/Core:363[m[K,
                 from [01m[K/workspace/build/g2o_catkin/g2o_src-prefix/src/g2o_src/g2o/types/../core/jacobian_workspace.h:30[m[K,
                 from [01m[K/workspace/build/g2o_catkin/g2o_src-prefix/src/g2o_src/g2o/types/../core/optimizable_graph.h:41[m[K,
                 from [01m[K/workspace/build/g2o_catkin/g2o_src-prefix/src/g2o_src/g2o/types/../core/base_vertex.h:30[m[K,
                 from [01m[K/workspace/build/g2o_catkin/g2o_src-prefix/src/g2o_src/g2o/types/types_six_dof_expmap.h:37[m[K,
                 from [01m[K/workspace/build/g2o_catkin/g2o_src-prefix/src/g2o_src/g2o/types/types_six_dof_expmap.cpp:27[m[K:
[01m[K/usr/include/eigen3/Eigen/src/Core/util/Constants.h:162:37:[m[K [01;36m[Knote: [m[Kdeclared here
  162 | EIGEN_DEPRECATED const unsigned int [01;36m[KAlignedBit[m[K = 0x80;
      |                                     [01;36m[K^~~~~~~~~~[m[K
In file included from [01m[K/workspace/build/g2o_catkin/g2o_src-prefix/src/g2o_src/g2o/types/types_six_dof_expmap.h:38[m[K,
                 from [01m[K/workspace/build/g2o_catkin/g2o_src-prefix/src/g2o_src/g2o/types/types_six_dof_expmap.cpp:27[m[K:
[01m[K/workspace/build/g2o_catkin/g2o_src-prefix/src/g2o_src/g2o/types/../core/base_binary_edge.h:60:80:[m[K [01;35m[Kwarning: [m[K‘[01m[KEigen::AlignedBit[m[K’ is deprecated [[01;35m[K-Wdeprecated-declarations[m[K]
   60 |       typedef Eigen::Map<Matrix<double, Dj, Di>, Matrix<double, Dj, Di>::[01;35m[KFlags & AlignedBit[m[K ? Aligned : Unaligned > HessianBlockTransposedType;
      |                                                                          [01;35m[K~~~~~~^~~~~~~~~~~~[m[K
In file included from [01m[K/usr/include/eigen3/Eigen/Core:363[m[K,
                 from [01m[K/workspace/build/g2o_catkin/g2o_src-prefix/src/g2o_src/g2o/types/../core/jacobian_workspace.h:30[m[K,
                 from [01m[K/workspace/build/g2o_catkin/g2o_src-prefix/src/g2o_src/g2o/types/../core/optimizable_graph.h:41[m[K,
                 from [01m[K/workspace/build/g2o_catkin/g2o_src-prefix/src/g2o_src/g2o/types/../core/base_vertex.h:30[m[K,
                 from [01m[K/workspace/build/g2o_catkin/g2o_src-prefix/src/g2o_src/g2o/types/types_six_dof_expmap.h:37[m[K,
                 from [01m[K/workspace/build/g2o_catkin/g2o_src-prefix/src/g2o_src/g2o/types/types_six_dof_expmap.cpp:27[m[K:
[01m[K/usr/include/eigen3/Eigen/src/Core/util/Constants.h:162:37:[m[K [01;36m[Knote: [m[Kdeclared here
  162 | EIGEN_DEPRECATED const unsigned int [01;36m[KAlignedBit[m[K = 0x80;
      |                                     [01;36m[K^~~~~~~~~~[m[K
In file included from [01m[K/workspace/build/g2o_catkin/g2o_src-prefix/src/g2o_src/g2o/types/types_six_dof_expmap.h:38[m[K,
                 from [01m[K/workspace/build/g2o_catkin/g2o_src-prefix/src/g2o_src/g2o/types/types_six_dof_expmap.cpp:27[m[K:
/workspace/build/g2o_catkin/g2o_src-prefix/src/g2o_src/g2o/types/../core/base_binary_edge.h: In instantiation of ‘[01m[Kclass g2o::BaseBinaryEdge<2, Eigen::Matrix<double, 2, 1>, g2o::VertexSBAPointXYZ, g2o::VertexSE3Expmap>[m[K’:
[01m[K/workspace/build/g2o_catkin/g2o_src-prefix/src/g2o_src/g2o/types/types_six_dof_expmap.h:114:35:[m[K   required from here
[01m[K/workspace/build/g2o_catkin/g2o_src-prefix/src/g2o_src/g2o/types/../core/base_binary_edge.h:59:80:[m[K [01;35m[Kwarning: [m[K‘[01m[KEigen::AlignedBit[m[K’ is deprecated [[01;35m[K-Wdeprecated-declarations[m[K]
   59 |       typedef Eigen::Map<Matrix<double, Di, Dj>, Matrix<double, Di, Dj>::[01;35m[KFlags & AlignedBit[m[K ? Aligned : Unaligned > HessianBlockType;
      |                                                                          [01;35m[K~~~~~~^~~~~~~~~~~~[m[K
In file included from [01m[K/usr/include/eigen3/Eigen/Core:363[m[K,
                 from [01m[K/workspace/build/g2o_catkin/g2o_src-prefix/src/g2o_src/g2o/types/../core/jacobian_workspace.h:30[m[K,
                 from [01m[K/workspace/build/g2o_catkin/g2o_src-prefix/src/g2o_src/g2o/types/../core/optimizable_graph.h:41[m[K,
                 from [01m[K/workspace/build/g2o_catkin/g2o_src-prefix/src/g2o_src/g2o/types/../core/base_vertex.h:30[m[K,
                 from [01m[K/workspace/build/g2o_catkin/g2o_src-prefix/src/g2o_src/g2o/types/types_six_dof_expmap.h:37[m[K,
                 from [01m[K/workspace/build/g2o_catkin/g2o_src-prefix/src/g2o_src/g2o/types/types_six_dof_expmap.cpp:27[m[K:
[01m[K/usr/include/eigen3/Eigen/src/Core/util/Constants.h:162:37:[m[K [01;36m[Knote: [m[Kdeclared here
  162 | EIGEN_DEPRECATED const unsigned int [01;36m[KAlignedBit[m[K = 0x80;
      |                                     [01;36m[K^~~~~~~~~~[m[K
In file included from [01m[K/workspace/build/g2o_catkin/g2o_src-prefix/src/g2o_src/g2o/types/types_six_dof_expmap.h:38[m[K,
                 from [01m[K/workspace/build/g2o_catkin/g2o_src-prefix/src/g2o_src/g2o/types/types_six_dof_expmap.cpp:27[m[K:
[01m[K/workspace/build/g2o_catkin/g2o_src-prefix/src/g2o_src/g2o/types/../core/base_binary_edge.h:60:80:[m[K [01;35m[Kwarning: [m[K‘[01m[KEigen::AlignedBit[m[K’ is deprecated [[01;35m[K-Wdeprecated-declarations[m[K]
   60 |       typedef Eigen::Map<Matrix<double, Dj, Di>, Matrix<double, Dj, Di>::[01;35m[KFlags & AlignedBit[m[K ? Aligned : Unaligned > HessianBlockTransposedType;
      |                                                                          [01;35m[K~~~~~~^~~~~~~~~~~~[m[K
In file included from [01m[K/usr/include/eigen3/Eigen/Core:363[m[K,
                 from [01m[K/workspace/build/g2o_catkin/g2o_src-prefix/src/g2o_src/g2o/types/../core/jacobian_workspace.h:30[m[K,
                 from [01m[K/workspace/build/g2o_catkin/g2o_src-prefix/src/g2o_src/g2o/types/../core/optimizable_graph.h:41[m[K,
                 from [01m[K/workspace/build/g2o_catkin/g2o_src-prefix/src/g2o_src/g2o/types/../core/base_vertex.h:30[m[K,
                 from [01m[K/workspace/build/g2o_catkin/g2o_src-prefix/src/g2o_src/g2o/types/types_six_dof_expmap.h:37[m[K,
                 from [01m[K/workspace/build/g2o_catkin/g2o_src-prefix/src/g2o_src/g2o/types/types_six_dof_expmap.cpp:27[m[K:
[01m[K/usr/include/eigen3/Eigen/src/Core/util/Constants.h:162:37:[m[K [01;36m[Knote: [m[Kdeclared here
  162 | EIGEN_DEPRECATED const unsigned int [01;36m[KAlignedBit[m[K = 0x80;
      |                                     [01;36m[K^~~~~~~~~~[m[K
In file included from [01m[K/workspace/build/g2o_catkin/g2o_src-prefix/src/g2o_src/g2o/types/types_six_dof_expmap.h:38[m[K,
                 from [01m[K/workspace/build/g2o_catkin/g2o_src-prefix/src/g2o_src/g2o/types/types_six_dof_expmap.cpp:27[m[K:
/workspace/build/g2o_catkin/g2o_src-prefix/src/g2o_src/g2o/types/../core/base_binary_edge.h: In instantiation of ‘[01m[Kclass g2o::BaseBinaryEdge<3, Eigen::Matrix<double, 3, 1>, g2o::VertexSBAPointXYZ, g2o::VertexSE3Expmap>[m[K’:
[01m[K/workspace/build/g2o_catkin/g2o_src-prefix/src/g2o_src/g2o/types/types_six_dof_expmap.h:146:41:[m[K   required from here
[01m[K/workspace/build/g2o_catkin/g2o_src-prefix/src/g2o_src/g2o/types/../core/base_binary_edge.h:59:80:[m[K [01;35m[Kwarning: [m[K‘[01m[KEigen::AlignedBit[m[K’ is deprecated [[01;35m[K-Wdeprecated-declarations[m[K]
   59 |       typedef Eigen::Map<Matrix<double, Di, Dj>, Matrix<double, Di, Dj>::[01;35m[KFlags & AlignedBit[m[K ? Aligned : Unaligned > HessianBlockType;
      |                                                                          [01;35m[K~~~~~~^~~~~~~~~~~~[m[K
In file included from [01m[K/usr/include/eigen3/Eigen/Core:363[m[K,
                 from [01m[K/workspace/build/g2o_catkin/g2o_src-prefix/src/g2o_src/g2o/types/../core/jacobian_workspace.h:30[m[K,
                 from [01m[K/workspace/build/g2o_catkin/g2o_src-prefix/src/g2o_src/g2o/types/../core/optimizable_graph.h:41[m[K,
                 from [01m[K/workspace/build/g2o_catkin/g2o_src-prefix/src/g2o_src/g2o/types/../core/base_vertex.h:30[m[K,
                 from [01m[K/workspace/build/g2o_catkin/g2o_src-prefix/src/g2o_src/g2o/types/types_six_dof_expmap.h:37[m[K,
                 from [01m[K/workspace/build/g2o_catkin/g2o_src-prefix/src/g2o_src/g2o/types/types_six_dof_expmap.cpp:27[m[K:
[01m[K/usr/include/eigen3/Eigen/src/Core/util/Constants.h:162:37:[m[K [01;36m[Knote: [m[Kdeclared here
  162 | EIGEN_DEPRECATED const unsigned int [01;36m[KAlignedBit[m[K = 0x80;
      |                                     [01;36m[K^~~~~~~~~~[m[K
In file included from [01m[K/workspace/build/g2o_catkin/g2o_src-prefix/src/g2o_src/g2o/types/types_six_dof_expmap.h:38[m[K,
                 from [01m[K/workspace/build/g2o_catkin/g2o_src-prefix/src/g2o_src/g2o/types/types_six_dof_expmap.cpp:27[m[K:
[01m[K/workspace/build/g2o_catkin/g2o_src-prefix/src/g2o_src/g2o/types/../core/base_binary_edge.h:60:80:[m[K [01;35m[Kwarning: [m[K‘[01m[KEigen::AlignedBit[m[K’ is deprecated [[01;35m[K-Wdeprecated-declarations[m[K]
   60 |       typedef Eigen::Map<Matrix<double, Dj, Di>, Matrix<double, Dj, Di>::[01;35m[KFlags & AlignedBit[m[K ? Aligned : Unaligned > HessianBlockTransposedType;
      |                                                                          [01;35m[K~~~~~~^~~~~~~~~~~~[m[K
In file included from [01m[K/usr/include/eigen3/Eigen/Core:363[m[K,
                 from [01m[K/workspace/build/g2o_catkin/g2o_src-prefix/src/g2o_src/g2o/types/../core/jacobian_workspace.h:30[m[K,
                 from [01m[K/workspace/build/g2o_catkin/g2o_src-prefix/src/g2o_src/g2o/types/../core/optimizable_graph.h:41[m[K,
                 from [01m[K/workspace/build/g2o_catkin/g2o_src-prefix/src/g2o_src/g2o/types/../core/base_vertex.h:30[m[K,
                 from [01m[K/workspace/build/g2o_catkin/g2o_src-prefix/src/g2o_src/g2o/types/types_six_dof_expmap.h:37[m[K,
                 from [01m[K/workspace/build/g2o_catkin/g2o_src-prefix/src/g2o_src/g2o/types/types_six_dof_expmap.cpp:27[m[K:
[01m[K/usr/include/eigen3/Eigen/src/Core/util/Constants.h:162:37:[m[K [01;36m[Knote: [m[Kdeclared here
  162 | EIGEN_DEPRECATED const unsigned int [01;36m[KAlignedBit[m[K = 0x80;
      |                                     [01;36m[K^~~~~~~~~~[m[K
[  9%] [32mBuilding CXX object CMakeFiles/g2o.dir/g2o/types/types_seven_dof_expmap.cpp.o[0m
In file included from [01m[K/workspace/build/g2o_catkin/g2o_src-prefix/src/g2o_src/g2o/types/types_seven_dof_expmap.h:34[m[K,
                 from [01m[K/workspace/build/g2o_catkin/g2o_src-prefix/src/g2o_src/g2o/types/types_seven_dof_expmap.cpp:27[m[K:
[01m[K/workspace/build/g2o_catkin/g2o_src-prefix/src/g2o_src/g2o/types/../core/base_vertex.h:62:74:[m[K [01;35m[Kwarning: [m[K‘[01m[KEigen::AlignedBit[m[K’ is deprecated [[01;35m[K-Wdeprecated-declarations[m[K]
   62 |     typedef Eigen::Map<Matrix<double, D, D>, Matrix<double,D,D>::Flags & [01;35m[KAlignedBit[m[K ? Aligned : Unaligned >  HessianBlockType;
      |                                                                          [01;35m[K^~~~~~~~~~[m[K
In file included from [01m[K/usr/include/eigen3/Eigen/Core:363[m[K,
                 from [01m[K/workspace/build/g2o_catkin/g2o_src-prefix/src/g2o_src/g2o/types/../core/jacobian_workspace.h:30[m[K,
                 from [01m[K/workspace/build/g2o_catkin/g2o_src-prefix/src/g2o_src/g2o/types/../core/optimizable_graph.h:41[m[K,
                 from [01m[K/workspace/build/g2o_catkin/g2o_src-prefix/src/g2o_src/g2o/types/../core/base_vertex.h:30[m[K,
                 from [01m[K/workspace/build/g2o_catkin/g2o_src-prefix/src/g2o_src/g2o/types/types_seven_dof_expmap.h:34[m[K,
                 from [01m[K/workspace/build/g2o_catkin/g2o_src-prefix/src/g2o_src/g2o/types/types_seven_dof_expmap.cpp:27[m[K:
[01m[K/usr/include/eigen3/Eigen/src/Core/util/Constants.h:162:37:[m[K [01;36m[Knote: [m[Kdeclared here
  162 | EIGEN_DEPRECATED const unsigned int [01;36m[KAlignedBit[m[K = 0x80;
      |                                     [01;36m[K^~~~~~~~~~[m[K
In file included from [01m[K/workspace/build/g2o_catkin/g2o_src-prefix/src/g2o_src/g2o/types/types_seven_dof_expmap.h:35[m[K,
                 from [01m[K/workspace/build/g2o_catkin/g2o_src-prefix/src/g2o_src/g2o/types/types_seven_dof_expmap.cpp:27[m[K:
[01m[K/workspace/build/g2o_catkin/g2o_src-prefix/src/g2o_src/g2o/types/../core/base_binary_edge.h:59:82:[m[K [01;35m[Kwarning: [m[K‘[01m[KEigen::AlignedBit[m[K’ is deprecated [[01;35m[K-Wdeprecated-declarations[m[K]
   59 |       typedef Eigen::Map<Matrix<double, Di, Dj>, Matrix<double, Di, Dj>::Flags & [01;35m[KAlignedBit[m[K ? Aligned : Unaligned > HessianBlockType;
      |                                                                                  [01;35m[K^~~~~~~~~~[m[K
In file included from [01m[K/usr/include/eigen3/Eigen/Core:363[m[K,
                 from [01m[K/workspace/build/g2o_catkin/g2o_src-prefix/src/g2o_src/g2o/types/../core/jacobian_workspace.h:30[m[K,
                 from [01m[K/workspace/build/g2o_catkin/g2o_src-prefix/src/g2o_src/g2o/types/../core/optimizable_graph.h:41[m[K,
                 from [01m[K/workspace/build/g2o_catkin/g2o_src-prefix/src/g2o_src/g2o/types/../core/base_vertex.h:30[m[K,
                 from [01m[K/workspace/build/g2o_catkin/g2o_src-prefix/src/g2o_src/g2o/types/types_seven_dof_expmap.h:34[m[K,
                 from [01m[K/workspace/build/g2o_catkin/g2o_src-prefix/src/g2o_src/g2o/types/types_seven_dof_expmap.cpp:27[m[K:
[01m[K/usr/include/eigen3/Eigen/src/Core/util/Constants.h:162:37:[m[K [01;36m[Knote: [m[Kdeclared here
  162 | EIGEN_DEPRECATED const unsigned int [01;36m[KAlignedBit[m[K = 0x80;
      |                                     [01;36m[K^~~~~~~~~~[m[K
In file included from [01m[K/workspace/build/g2o_catkin/g2o_src-prefix/src/g2o_src/g2o/types/types_seven_dof_expmap.h:35[m[K,
                 from [01m[K/workspace/build/g2o_catkin/g2o_src-prefix/src/g2o_src/g2o/types/types_seven_dof_expmap.cpp:27[m[K:
[01m[K/workspace/build/g2o_catkin/g2o_src-prefix/src/g2o_src/g2o/types/../core/base_binary_edge.h:60:82:[m[K [01;35m[Kwarning: [m[K‘[01m[KEigen::AlignedBit[m[K’ is deprecated [[01;35m[K-Wdeprecated-declarations[m[K]
   60 |       typedef Eigen::Map<Matrix<double, Dj, Di>, Matrix<double, Dj, Di>::Flags & [01;35m[KAlignedBit[m[K ? Aligned : Unaligned > HessianBlockTransposedType;
      |                                                                                  [01;35m[K^~~~~~~~~~[m[K
In file included from [01m[K/usr/include/eigen3/Eigen/Core:363[m[K,
                 from [01m[K/workspace/build/g2o_catkin/g2o_src-prefix/src/g2o_src/g2o/types/../core/jacobian_workspace.h:30[m[K,
                 from [01m[K/workspace/build/g2o_catkin/g2o_src-prefix/src/g2o_src/g2o/types/../core/optimizable_graph.h:41[m[K,
                 from [01m[K/workspace/build/g2o_catkin/g2o_src-prefix/src/g2o_src/g2o/types/../core/base_vertex.h:30[m[K,
                 from [01m[K/workspace/build/g2o_catkin/g2o_src-prefix/src/g2o_src/g2o/types/types_seven_dof_expmap.h:34[m[K,
                 from [01m[K/workspace/build/g2o_catkin/g2o_src-prefix/src/g2o_src/g2o/types/types_seven_dof_expmap.cpp:27[m[K:
[01m[K/usr/include/eigen3/Eigen/src/Core/util/Constants.h:162:37:[m[K [01;36m[Knote: [m[Kdeclared here
  162 | EIGEN_DEPRECATED const unsigned int [01;36m[KAlignedBit[m[K = 0x80;
      |                                     [01;36m[K^~~~~~~~~~[m[K
In file included from [01m[K/workspace/build/g2o_catkin/g2o_src-prefix/src/g2o_src/g2o/types/types_seven_dof_expmap.h:34[m[K,
                 from [01m[K/workspace/build/g2o_catkin/g2o_src-prefix/src/g2o_src/g2o/types/types_seven_dof_expmap.cpp:27[m[K:
/workspace/build/g2o_catkin/g2o_src-prefix/src/g2o_src/g2o/types/../core/base_vertex.h: In instantiation of ‘[01m[Kclass g2o::BaseVertex<3, Eigen::Matrix<double, 3, 1> >[m[K’:
[01m[K/workspace/build/g2o_catkin/g2o_src-prefix/src/g2o_src/g2o/types/types_sba.h:40:35:[m[K   required from here
[01m[K/workspace/build/g2o_catkin/g2o_src-prefix/src/g2o_src/g2o/types/../core/base_vertex.h:62:72:[m[K [01;35m[Kwarning: [m[K‘[01m[KEigen::AlignedBit[m[K’ is deprecated [[01;35m[K-Wdeprecated-declarations[m[K]
   62 |     typedef Eigen::Map<Matrix<double, D, D>, Matrix<double,D,D>::[01;35m[KFlags & AlignedBit[m[K ? Aligned : Unaligned >  HessianBlockType;
      |                                                                  [01;35m[K~~~~~~^~~~~~~~~~~~[m[K
In file included from [01m[K/usr/include/eigen3/Eigen/Core:363[m[K,
                 from [01m[K/workspace/build/g2o_catkin/g2o_src-prefix/src/g2o_src/g2o/types/../core/jacobian_workspace.h:30[m[K,
                 from [01m[K/workspace/build/g2o_catkin/g2o_src-prefix/src/g2o_src/g2o/types/../core/optimizable_graph.h:41[m[K,
                 from [01m[K/workspace/build/g2o_catkin/g2o_src-prefix/src/g2o_src/g2o/types/../core/base_vertex.h:30[m[K,
                 from [01m[K/workspace/build/g2o_catkin/g2o_src-prefix/src/g2o_src/g2o/types/types_seven_dof_expmap.h:34[m[K,
                 from [01m[K/workspace/build/g2o_catkin/g2o_src-prefix/src/g2o_src/g2o/types/types_seven_dof_expmap.cpp:27[m[K:
[01m[K/usr/include/eigen3/Eigen/src/Core/util/Constants.h:162:37:[m[K [01;36m[Knote: [m[Kdeclared here
  162 | EIGEN_DEPRECATED const unsigned int [01;36m[KAlignedBit[m[K = 0x80;
      |                                     [01;36m[K^~~~~~~~~~[m[K
In file included from [01m[K/workspace/build/g2o_catkin/g2o_src-prefix/src/g2o_src/g2o/types/types_seven_dof_expmap.h:34[m[K,
                 from [01m[K/workspace/build/g2o_catkin/g2o_src-prefix/src/g2o_src/g2o/types/types_seven_dof_expmap.cpp:27[m[K:
/workspace/build/g2o_catkin/g2o_src-prefix/src/g2o_src/g2o/types/../core/base_vertex.h: In instantiation of ‘[01m[Kclass g2o::BaseVertex<6, g2o::SE3Quat>[m[K’:
[01m[K/workspace/build/g2o_catkin/g2o_src-prefix/src/g2o_src/g2o/types/types_six_dof_expmap.h:59:33:[m[K   required from here
[01m[K/workspace/build/g2o_catkin/g2o_src-prefix/src/g2o_src/g2o/types/../core/base_vertex.h:62:72:[m[K [01;35m[Kwarning: [m[K‘[01m[KEigen::AlignedBit[m[K’ is deprecated [[01;35m[K-Wdeprecated-declarations[m[K]
   62 |     typedef Eigen::Map<Matrix<double, D, D>, Matrix<double,D,D>::[01;35m[KFlags & AlignedBit[m[K ? Aligned : Unaligned >  HessianBlockType;
      |                                                                  [01;35m[K~~~~~~^~~~~~~~~~~~[m[K
In file included from [01m[K/usr/include/eigen3/Eigen/Core:363[m[K,
                 from [01m[K/workspace/build/g2o_catkin/g2o_src-prefix/src/g2o_src/g2o/types/../core/jacobian_workspace.h:30[m[K,
                 from [01m[K/workspace/build/g2o_catkin/g2o_src-prefix/src/g2o_src/g2o/types/../core/optimizable_graph.h:41[m[K,
                 from [01m[K/workspace/build/g2o_catkin/g2o_src-prefix/src/g2o_src/g2o/types/../core/base_vertex.h:30[m[K,
                 from [01m[K/workspace/build/g2o_catkin/g2o_src-prefix/src/g2o_src/g2o/types/types_seven_dof_expmap.h:34[m[K,
                 from [01m[K/workspace/build/g2o_catkin/g2o_src-prefix/src/g2o_src/g2o/types/types_seven_dof_expmap.cpp:27[m[K:
[01m[K/usr/include/eigen3/Eigen/src/Core/util/Constants.h:162:37:[m[K [01;36m[Knote: [m[Kdeclared here
  162 | EIGEN_DEPRECATED const unsigned int [01;36m[KAlignedBit[m[K = 0x80;
      |                                     [01;36m[K^~~~~~~~~~[m[K
In file included from [01m[K/workspace/build/g2o_catkin/g2o_src-prefix/src/g2o_src/g2o/types/types_seven_dof_expmap.h:35[m[K,
                 from [01m[K/workspace/build/g2o_catkin/g2o_src-prefix/src/g2o_src/g2o/types/types_seven_dof_expmap.cpp:27[m[K:
/workspace/build/g2o_catkin/g2o_src-prefix/src/g2o_src/g2o/types/../core/base_binary_edge.h: In instantiation of ‘[01m[Kclass g2o::BaseBinaryEdge<6, g2o::SE3Quat, g2o::VertexSE3Expmap, g2o::VertexSE3Expmap>[m[K’:
[01m[K/workspace/build/g2o_catkin/g2o_src-prefix/src/g2o_src/g2o/types/types_six_dof_expmap.h:83:24:[m[K   required from here
[01m[K/workspace/build/g2o_catkin/g2o_src-prefix/src/g2o_src/g2o/types/../core/base_binary_edge.h:59:80:[m[K [01;35m[Kwarning: [m[K‘[01m[KEigen::AlignedBit[m[K’ is deprecated [[01;35m[K-Wdeprecated-declarations[m[K]
   59 |       typedef Eigen::Map<Matrix<double, Di, Dj>, Matrix<double, Di, Dj>::[01;35m[KFlags & AlignedBit[m[K ? Aligned : Unaligned > HessianBlockType;
      |                                                                          [01;35m[K~~~~~~^~~~~~~~~~~~[m[K
In file included from [01m[K/usr/include/eigen3/Eigen/Core:363[m[K,
                 from [01m[K/workspace/build/g2o_catkin/g2o_src-prefix/src/g2o_src/g2o/types/../core/jacobian_workspace.h:30[m[K,
                 from [01m[K/workspace/build/g2o_catkin/g2o_src-prefix/src/g2o_src/g2o/types/../core/optimizable_graph.h:41[m[K,
                 from [01m[K/workspace/build/g2o_catkin/g2o_src-prefix/src/g2o_src/g2o/types/../core/base_vertex.h:30[m[K,
                 from [01m[K/workspace/build/g2o_catkin/g2o_src-prefix/src/g2o_src/g2o/types/types_seven_dof_expmap.h:34[m[K,
                 from [01m[K/workspace/build/g2o_catkin/g2o_src-prefix/src/g2o_src/g2o/types/types_seven_dof_expmap.cpp:27[m[K:
[01m[K/usr/include/eigen3/Eigen/src/Core/util/Constants.h:162:37:[m[K [01;36m[Knote: [m[Kdeclared here
  162 | EIGEN_DEPRECATED const unsigned int [01;36m[KAlignedBit[m[K = 0x80;
      |                                     [01;36m[K^~~~~~~~~~[m[K
In file included from [01m[K/workspace/build/g2o_catkin/g2o_src-prefix/src/g2o_src/g2o/types/types_seven_dof_expmap.h:35[m[K,
                 from [01m[K/workspace/build/g2o_catkin/g2o_src-prefix/src/g2o_src/g2o/types/types_seven_dof_expmap.cpp:27[m[K:
[01m[K/workspace/build/g2o_catkin/g2o_src-prefix/src/g2o_src/g2o/types/../core/base_binary_edge.h:60:80:[m[K [01;35m[Kwarning: [m[K‘[01m[KEigen::AlignedBit[m[K’ is deprecated [[01;35m[K-Wdeprecated-declarations[m[K]
   60 |       typedef Eigen::Map<Matrix<double, Dj, Di>, Matrix<double, Dj, Di>::[01;35m[KFlags & AlignedBit[m[K ? Aligned : Unaligned > HessianBlockTransposedType;
      |                                                                          [01;35m[K~~~~~~^~~~~~~~~~~~[m[K
In file included from [01m[K/usr/include/eigen3/Eigen/Core:363[m[K,
                 from [01m[K/workspace/build/g2o_catkin/g2o_src-prefix/src/g2o_src/g2o/types/../core/jacobian_workspace.h:30[m[K,
                 from [01m[K/workspace/build/g2o_catkin/g2o_src-prefix/src/g2o_src/g2o/types/../core/optimizable_graph.h:41[m[K,
                 from [01m[K/workspace/build/g2o_catkin/g2o_src-prefix/src/g2o_src/g2o/types/../core/base_vertex.h:30[m[K,
                 from [01m[K/workspace/build/g2o_catkin/g2o_src-prefix/src/g2o_src/g2o/types/types_seven_dof_expmap.h:34[m[K,
                 from [01m[K/workspace/build/g2o_catkin/g2o_src-prefix/src/g2o_src/g2o/types/types_seven_dof_expmap.cpp:27[m[K:
[01m[K/usr/include/eigen3/Eigen/src/Core/util/Constants.h:162:37:[m[K [01;36m[Knote: [m[Kdeclared here
  162 | EIGEN_DEPRECATED const unsigned int [01;36m[KAlignedBit[m[K = 0x80;
      |                                     [01;36m[K^~~~~~~~~~[m[K
In file included from [01m[K/workspace/build/g2o_catkin/g2o_src-prefix/src/g2o_src/g2o/types/types_seven_dof_expmap.h:35[m[K,
                 from [01m[K/workspace/build/g2o_catkin/g2o_src-prefix/src/g2o_src/g2o/types/types_seven_dof_expmap.cpp:27[m[K:
/workspace/build/g2o_catkin/g2o_src-prefix/src/g2o_src/g2o/types/../core/base_binary_edge.h: In instantiation of ‘[01m[Kclass g2o::BaseBinaryEdge<2, Eigen::Matrix<double, 2, 1>, g2o::VertexSBAPointXYZ, g2o::VertexSE3Expmap>[m[K’:
[01m[K/workspace/build/g2o_catkin/g2o_src-prefix/src/g2o_src/g2o/types/types_six_dof_expmap.h:114:35:[m[K   required from here
[01m[K/workspace/build/g2o_catkin/g2o_src-prefix/src/g2o_src/g2o/types/../core/base_binary_edge.h:59:80:[m[K [01;35m[Kwarning: [m[K‘[01m[KEigen::AlignedBit[m[K’ is deprecated [[01;35m[K-Wdeprecated-declarations[m[K]
   59 |       typedef Eigen::Map<Matrix<double, Di, Dj>, Matrix<double, Di, Dj>::[01;35m[KFlags & AlignedBit[m[K ? Aligned : Unaligned > HessianBlockType;
      |                                                                          [01;35m[K~~~~~~^~~~~~~~~~~~[m[K
In file included from [01m[K/usr/include/eigen3/Eigen/Core:363[m[K,
                 from [01m[K/workspace/build/g2o_catkin/g2o_src-prefix/src/g2o_src/g2o/types/../core/jacobian_workspace.h:30[m[K,
                 from [01m[K/workspace/build/g2o_catkin/g2o_src-prefix/src/g2o_src/g2o/types/../core/optimizable_graph.h:41[m[K,
                 from [01m[K/workspace/build/g2o_catkin/g2o_src-prefix/src/g2o_src/g2o/types/../core/base_vertex.h:30[m[K,
                 from [01m[K/workspace/build/g2o_catkin/g2o_src-prefix/src/g2o_src/g2o/types/types_seven_dof_expmap.h:34[m[K,
                 from [01m[K/workspace/build/g2o_catkin/g2o_src-prefix/src/g2o_src/g2o/types/types_seven_dof_expmap.cpp:27[m[K:
[01m[K/usr/include/eigen3/Eigen/src/Core/util/Constants.h:162:37:[m[K [01;36m[Knote: [m[Kdeclared here
  162 | EIGEN_DEPRECATED const unsigned int [01;36m[KAlignedBit[m[K = 0x80;
      |                                     [01;36m[K^~~~~~~~~~[m[K
In file included from [01m[K/workspace/build/g2o_catkin/g2o_src-prefix/src/g2o_src/g2o/types/types_seven_dof_expmap.h:35[m[K,
                 from [01m[K/workspace/build/g2o_catkin/g2o_src-prefix/src/g2o_src/g2o/types/types_seven_dof_expmap.cpp:27[m[K:
[01m[K/workspace/build/g2o_catkin/g2o_src-prefix/src/g2o_src/g2o/types/../core/base_binary_edge.h:60:80:[m[K [01;35m[Kwarning: [m[K‘[01m[KEigen::AlignedBit[m[K’ is deprecated [[01;35m[K-Wdeprecated-declarations[m[K]
   60 |       typedef Eigen::Map<Matrix<double, Dj, Di>, Matrix<double, Dj, Di>::[01;35m[KFlags & AlignedBit[m[K ? Aligned : Unaligned > HessianBlockTransposedType;
      |                                                                          [01;35m[K~~~~~~^~~~~~~~~~~~[m[K
In file included from [01m[K/usr/include/eigen3/Eigen/Core:363[m[K,
                 from [01m[K/workspace/build/g2o_catkin/g2o_src-prefix/src/g2o_src/g2o/types/../core/jacobian_workspace.h:30[m[K,
                 from [01m[K/workspace/build/g2o_catkin/g2o_src-prefix/src/g2o_src/g2o/types/../core/optimizable_graph.h:41[m[K,
                 from [01m[K/workspace/build/g2o_catkin/g2o_src-prefix/src/g2o_src/g2o/types/../core/base_vertex.h:30[m[K,
                 from [01m[K/workspace/build/g2o_catkin/g2o_src-prefix/src/g2o_src/g2o/types/types_seven_dof_expmap.h:34[m[K,
                 from [01m[K/workspace/build/g2o_catkin/g2o_src-prefix/src/g2o_src/g2o/types/types_seven_dof_expmap.cpp:27[m[K:
[01m[K/usr/include/eigen3/Eigen/src/Core/util/Constants.h:162:37:[m[K [01;36m[Knote: [m[Kdeclared here
  162 | EIGEN_DEPRECATED const unsigned int [01;36m[KAlignedBit[m[K = 0x80;
      |                                     [01;36m[K^~~~~~~~~~[m[K
In file included from [01m[K/workspace/build/g2o_catkin/g2o_src-prefix/src/g2o_src/g2o/types/types_seven_dof_expmap.h:35[m[K,
                 from [01m[K/workspace/build/g2o_catkin/g2o_src-prefix/src/g2o_src/g2o/types/types_seven_dof_expmap.cpp:27[m[K:
/workspace/build/g2o_catkin/g2o_src-prefix/src/g2o_src/g2o/types/../core/base_binary_edge.h: In instantiation of ‘[01m[Kclass g2o::BaseBinaryEdge<3, Eigen::Matrix<double, 3, 1>, g2o::VertexSBAPointXYZ, g2o::VertexSE3Expmap>[m[K’:
[01m[K/workspace/build/g2o_catkin/g2o_src-prefix/src/g2o_src/g2o/types/types_six_dof_expmap.h:146:41:[m[K   required from here
[01m[K/workspace/build/g2o_catkin/g2o_src-prefix/src/g2o_src/g2o/types/../core/base_binary_edge.h:59:80:[m[K [01;35m[Kwarning: [m[K‘[01m[KEigen::AlignedBit[m[K’ is deprecated [[01;35m[K-Wdeprecated-declarations[m[K]
   59 |       typedef Eigen::Map<Matrix<double, Di, Dj>, Matrix<double, Di, Dj>::[01;35m[KFlags & AlignedBit[m[K ? Aligned : Unaligned > HessianBlockType;
      |                                                                          [01;35m[K~~~~~~^~~~~~~~~~~~[m[K
In file included from [01m[K/usr/include/eigen3/Eigen/Core:363[m[K,
                 from [01m[K/workspace/build/g2o_catkin/g2o_src-prefix/src/g2o_src/g2o/types/../core/jacobian_workspace.h:30[m[K,
                 from [01m[K/workspace/build/g2o_catkin/g2o_src-prefix/src/g2o_src/g2o/types/../core/optimizable_graph.h:41[m[K,
                 from [01m[K/workspace/build/g2o_catkin/g2o_src-prefix/src/g2o_src/g2o/types/../core/base_vertex.h:30[m[K,
                 from [01m[K/workspace/build/g2o_catkin/g2o_src-prefix/src/g2o_src/g2o/types/types_seven_dof_expmap.h:34[m[K,
                 from [01m[K/workspace/build/g2o_catkin/g2o_src-prefix/src/g2o_src/g2o/types/types_seven_dof_expmap.cpp:27[m[K:
[01m[K/usr/include/eigen3/Eigen/src/Core/util/Constants.h:162:37:[m[K [01;36m[Knote: [m[Kdeclared here
  162 | EIGEN_DEPRECATED const unsigned int [01;36m[KAlignedBit[m[K = 0x80;
      |                                     [01;36m[K^~~~~~~~~~[m[K
In file included from [01m[K/workspace/build/g2o_catkin/g2o_src-prefix/src/g2o_src/g2o/types/types_seven_dof_expmap.h:35[m[K,
                 from [01m[K/workspace/build/g2o_catkin/g2o_src-prefix/src/g2o_src/g2o/types/types_seven_dof_expmap.cpp:27[m[K:
[01m[K/workspace/build/g2o_catkin/g2o_src-prefix/src/g2o_src/g2o/types/../core/base_binary_edge.h:60:80:[m[K [01;35m[Kwarning: [m[K‘[01m[KEigen::AlignedBit[m[K’ is deprecated [[01;35m[K-Wdeprecated-declarations[m[K]
   60 |       typedef Eigen::Map<Matrix<double, Dj, Di>, Matrix<double, Dj, Di>::[01;35m[KFlags & AlignedBit[m[K ? Aligned : Unaligned > HessianBlockTransposedType;
      |                                                                          [01;35m[K~~~~~~^~~~~~~~~~~~[m[K
In file included from [01m[K/usr/include/eigen3/Eigen/Core:363[m[K,
                 from [01m[K/workspace/build/g2o_catkin/g2o_src-prefix/src/g2o_src/g2o/types/../core/jacobian_workspace.h:30[m[K,
                 from [01m[K/workspace/build/g2o_catkin/g2o_src-prefix/src/g2o_src/g2o/types/../core/optimizable_graph.h:41[m[K,
                 from [01m[K/workspace/build/g2o_catkin/g2o_src-prefix/src/g2o_src/g2o/types/../core/base_vertex.h:30[m[K,
                 from [01m[K/workspace/build/g2o_catkin/g2o_src-prefix/src/g2o_src/g2o/types/types_seven_dof_expmap.h:34[m[K,
                 from [01m[K/workspace/build/g2o_catkin/g2o_src-prefix/src/g2o_src/g2o/types/types_seven_dof_expmap.cpp:27[m[K:
[01m[K/usr/include/eigen3/Eigen/src/Core/util/Constants.h:162:37:[m[K [01;36m[Knote: [m[Kdeclared here
  162 | EIGEN_DEPRECATED const unsigned int [01;36m[KAlignedBit[m[K = 0x80;
      |                                     [01;36m[K^~~~~~~~~~[m[K
In file included from [01m[K/workspace/build/g2o_catkin/g2o_src-prefix/src/g2o_src/g2o/types/types_seven_dof_expmap.h:34[m[K,
                 from [01m[K/workspace/build/g2o_catkin/g2o_src-prefix/src/g2o_src/g2o/types/types_seven_dof_expmap.cpp:27[m[K:
/workspace/build/g2o_catkin/g2o_src-prefix/src/g2o_src/g2o/types/../core/base_vertex.h: In instantiation of ‘[01m[Kclass g2o::BaseVertex<7, g2o::Sim3>[m[K’:
[01m[K/workspace/build/g2o_catkin/g2o_src-prefix/src/g2o_src/g2o/types/types_seven_dof_expmap.h:48:35:[m[K   required from here
[01m[K/workspace/build/g2o_catkin/g2o_src-prefix/src/g2o_src/g2o/types/../core/base_vertex.h:62:72:[m[K [01;35m[Kwarning: [m[K‘[01m[KEigen::AlignedBit[m[K’ is deprecated [[01;35m[K-Wdeprecated-declarations[m[K]
   62 |     typedef Eigen::Map<Matrix<double, D, D>, Matrix<double,D,D>::[01;35m[KFlags & AlignedBit[m[K ? Aligned : Unaligned >  HessianBlockType;
      |                                                                  [01;35m[K~~~~~~^~~~~~~~~~~~[m[K
In file included from [01m[K/usr/include/eigen3/Eigen/Core:363[m[K,
                 from [01m[K/workspace/build/g2o_catkin/g2o_src-prefix/src/g2o_src/g2o/types/../core/jacobian_workspace.h:30[m[K,
                 from [01m[K/workspace/build/g2o_catkin/g2o_src-prefix/src/g2o_src/g2o/types/../core/optimizable_graph.h:41[m[K,
                 from [01m[K/workspace/build/g2o_catkin/g2o_src-prefix/src/g2o_src/g2o/types/../core/base_vertex.h:30[m[K,
                 from [01m[K/workspace/build/g2o_catkin/g2o_src-prefix/src/g2o_src/g2o/types/types_seven_dof_expmap.h:34[m[K,
                 from [01m[K/workspace/build/g2o_catkin/g2o_src-prefix/src/g2o_src/g2o/types/types_seven_dof_expmap.cpp:27[m[K:
[01m[K/usr/include/eigen3/Eigen/src/Core/util/Constants.h:162:37:[m[K [01;36m[Knote: [m[Kdeclared here
  162 | EIGEN_DEPRECATED const unsigned int [01;36m[KAlignedBit[m[K = 0x80;
      |                                     [01;36m[K^~~~~~~~~~[m[K
In file included from [01m[K/workspace/build/g2o_catkin/g2o_src-prefix/src/g2o_src/g2o/types/types_seven_dof_expmap.h:35[m[K,
                 from [01m[K/workspace/build/g2o_catkin/g2o_src-prefix/src/g2o_src/g2o/types/types_seven_dof_expmap.cpp:27[m[K:
/workspace/build/g2o_catkin/g2o_src-prefix/src/g2o_src/g2o/types/../core/base_binary_edge.h: In instantiation of ‘[01m[Kclass g2o::BaseBinaryEdge<7, g2o::Sim3, g2o::VertexSim3Expmap, g2o::VertexSim3Expmap>[m[K’:
[01m[K/workspace/build/g2o_catkin/g2o_src-prefix/src/g2o_src/g2o/types/types_seven_dof_expmap.h:99:27:[m[K   required from here
[01m[K/workspace/build/g2o_catkin/g2o_src-prefix/src/g2o_src/g2o/types/../core/base_binary_edge.h:59:80:[m[K [01;35m[Kwarning: [m[K‘[01m[KEigen::AlignedBit[m[K’ is deprecated [[01;35m[K-Wdeprecated-declarations[m[K]
   59 |       typedef Eigen::Map<Matrix<double, Di, Dj>, Matrix<double, Di, Dj>::[01;35m[KFlags & AlignedBit[m[K ? Aligned : Unaligned > HessianBlockType;
      |                                                                          [01;35m[K~~~~~~^~~~~~~~~~~~[m[K
In file included from [01m[K/usr/include/eigen3/Eigen/Core:363[m[K,
                 from [01m[K/workspace/build/g2o_catkin/g2o_src-prefix/src/g2o_src/g2o/types/../core/jacobian_workspace.h:30[m[K,
                 from [01m[K/workspace/build/g2o_catkin/g2o_src-prefix/src/g2o_src/g2o/types/../core/optimizable_graph.h:41[m[K,
                 from [01m[K/workspace/build/g2o_catkin/g2o_src-prefix/src/g2o_src/g2o/types/../core/base_vertex.h:30[m[K,
                 from [01m[K/workspace/build/g2o_catkin/g2o_src-prefix/src/g2o_src/g2o/types/types_seven_dof_expmap.h:34[m[K,
                 from [01m[K/workspace/build/g2o_catkin/g2o_src-prefix/src/g2o_src/g2o/types/types_seven_dof_expmap.cpp:27[m[K:
[01m[K/usr/include/eigen3/Eigen/src/Core/util/Constants.h:162:37:[m[K [01;36m[Knote: [m[Kdeclared here
  162 | EIGEN_DEPRECATED const unsigned int [01;36m[KAlignedBit[m[K = 0x80;
      |                                     [01;36m[K^~~~~~~~~~[m[K
In file included from [01m[K/workspace/build/g2o_catkin/g2o_src-prefix/src/g2o_src/g2o/types/types_seven_dof_expmap.h:35[m[K,
                 from [01m[K/workspace/build/g2o_catkin/g2o_src-prefix/src/g2o_src/g2o/types/types_seven_dof_expmap.cpp:27[m[K:
[01m[K/workspace/build/g2o_catkin/g2o_src-prefix/src/g2o_src/g2o/types/../core/base_binary_edge.h:60:80:[m[K [01;35m[Kwarning: [m[K‘[01m[KEigen::AlignedBit[m[K’ is deprecated [[01;35m[K-Wdeprecated-declarations[m[K]
   60 |       typedef Eigen::Map<Matrix<double, Dj, Di>, Matrix<double, Dj, Di>::[01;35m[KFlags & AlignedBit[m[K ? Aligned : Unaligned > HessianBlockTransposedType;
      |                                                                          [01;35m[K~~~~~~^~~~~~~~~~~~[m[K
In file included from [01m[K/usr/include/eigen3/Eigen/Core:363[m[K,
                 from [01m[K/workspace/build/g2o_catkin/g2o_src-prefix/src/g2o_src/g2o/types/../core/jacobian_workspace.h:30[m[K,
                 from [01m[K/workspace/build/g2o_catkin/g2o_src-prefix/src/g2o_src/g2o/types/../core/optimizable_graph.h:41[m[K,
                 from [01m[K/workspace/build/g2o_catkin/g2o_src-prefix/src/g2o_src/g2o/types/../core/base_vertex.h:30[m[K,
                 from [01m[K/workspace/build/g2o_catkin/g2o_src-prefix/src/g2o_src/g2o/types/types_seven_dof_expmap.h:34[m[K,
                 from [01m[K/workspace/build/g2o_catkin/g2o_src-prefix/src/g2o_src/g2o/types/types_seven_dof_expmap.cpp:27[m[K:
[01m[K/usr/include/eigen3/Eigen/src/Core/util/Constants.h:162:37:[m[K [01;36m[Knote: [m[Kdeclared here
  162 | EIGEN_DEPRECATED const unsigned int [01;36m[KAlignedBit[m[K = 0x80;
      |                                     [01;36m[K^~~~~~~~~~[m[K
In file included from [01m[K/workspace/build/g2o_catkin/g2o_src-prefix/src/g2o_src/g2o/types/types_seven_dof_expmap.h:35[m[K,
                 from [01m[K/workspace/build/g2o_catkin/g2o_src-prefix/src/g2o_src/g2o/types/types_seven_dof_expmap.cpp:27[m[K:
/workspace/build/g2o_catkin/g2o_src-prefix/src/g2o_src/g2o/types/../core/base_binary_edge.h: In instantiation of ‘[01m[Kclass g2o::BaseBinaryEdge<2, Eigen::Matrix<double, 2, 1>, g2o::VertexSBAPointXYZ, g2o::VertexSim3Expmap>[m[K’:
[01m[K/workspace/build/g2o_catkin/g2o_src-prefix/src/g2o_src/g2o/types/types_seven_dof_expmap.h:130:36:[m[K   required from here
[01m[K/workspace/build/g2o_catkin/g2o_src-prefix/src/g2o_src/g2o/types/../core/base_binary_edge.h:59:80:[m[K [01;35m[Kwarning: [m[K‘[01m[KEigen::AlignedBit[m[K’ is deprecated [[01;35m[K-Wdeprecated-declarations[m[K]
   59 |       typedef Eigen::Map<Matrix<double, Di, Dj>, Matrix<double, Di, Dj>::[01;35m[KFlags & AlignedBit[m[K ? Aligned : Unaligned > HessianBlockType;
      |                                                                          [01;35m[K~~~~~~^~~~~~~~~~~~[m[K
In file included from [01m[K/usr/include/eigen3/Eigen/Core:363[m[K,
                 from [01m[K/workspace/build/g2o_catkin/g2o_src-prefix/src/g2o_src/g2o/types/../core/jacobian_workspace.h:30[m[K,
                 from [01m[K/workspace/build/g2o_catkin/g2o_src-prefix/src/g2o_src/g2o/types/../core/optimizable_graph.h:41[m[K,
                 from [01m[K/workspace/build/g2o_catkin/g2o_src-prefix/src/g2o_src/g2o/types/../core/base_vertex.h:30[m[K,
                 from [01m[K/workspace/build/g2o_catkin/g2o_src-prefix/src/g2o_src/g2o/types/types_seven_dof_expmap.h:34[m[K,
                 from [01m[K/workspace/build/g2o_catkin/g2o_src-prefix/src/g2o_src/g2o/types/types_seven_dof_expmap.cpp:27[m[K:
[01m[K/usr/include/eigen3/Eigen/src/Core/util/Constants.h:162:37:[m[K [01;36m[Knote: [m[Kdeclared here
  162 | EIGEN_DEPRECATED const unsigned int [01;36m[KAlignedBit[m[K = 0x80;
      |                                     [01;36m[K^~~~~~~~~~[m[K
In file included from [01m[K/workspace/build/g2o_catkin/g2o_src-prefix/src/g2o_src/g2o/types/types_seven_dof_expmap.h:35[m[K,
                 from [01m[K/workspace/build/g2o_catkin/g2o_src-prefix/src/g2o_src/g2o/types/types_seven_dof_expmap.cpp:27[m[K:
[01m[K/workspace/build/g2o_catkin/g2o_src-prefix/src/g2o_src/g2o/types/../core/base_binary_edge.h:60:80:[m[K [01;35m[Kwarning: [m[K‘[01m[KEigen::AlignedBit[m[K’ is deprecated [[01;35m[K-Wdeprecated-declarations[m[K]
   60 |       typedef Eigen::Map<Matrix<double, Dj, Di>, Matrix<double, Dj, Di>::[01;35m[KFlags & AlignedBit[m[K ? Aligned : Unaligned > HessianBlockTransposedType;
      |                                                                          [01;35m[K~~~~~~^~~~~~~~~~~~[m[K
In file included from [01m[K/usr/include/eigen3/Eigen/Core:363[m[K,
                 from [01m[K/workspace/build/g2o_catkin/g2o_src-prefix/src/g2o_src/g2o/types/../core/jacobian_workspace.h:30[m[K,
                 from [01m[K/workspace/build/g2o_catkin/g2o_src-prefix/src/g2o_src/g2o/types/../core/optimizable_graph.h:41[m[K,
                 from [01m[K/workspace/build/g2o_catkin/g2o_src-prefix/src/g2o_src/g2o/types/../core/base_vertex.h:30[m[K,
                 from [01m[K/workspace/build/g2o_catkin/g2o_src-prefix/src/g2o_src/g2o/types/types_seven_dof_expmap.h:34[m[K,
                 from [01m[K/workspace/build/g2o_catkin/g2o_src-prefix/src/g2o_src/g2o/types/types_seven_dof_expmap.cpp:27[m[K:
[01m[K/usr/include/eigen3/Eigen/src/Core/util/Constants.h:162:37:[m[K [01;36m[Knote: [m[Kdeclared here
  162 | EIGEN_DEPRECATED const unsigned int [01;36m[KAlignedBit[m[K = 0x80;
      |                                     [01;36m[K^~~~~~~~~~[m[K
[ 12%] [32mBuilding CXX object CMakeFiles/g2o.dir/g2o/core/hyper_graph_action.cpp.o[0m
[ 16%] [32mBuilding CXX object CMakeFiles/g2o.dir/g2o/core/hyper_graph.cpp.o[0m
[ 19%] [32mBuilding CXX object CMakeFiles/g2o.dir/g2o/core/marginal_covariance_cholesky.cpp.o[0m
[ 22%] [32mBuilding CXX object CMakeFiles/g2o.dir/g2o/core/matrix_structure.cpp.o[0m
[ 25%] [32mBuilding CXX object CMakeFiles/g2o.dir/g2o/core/batch_stats.cpp.o[0m
[ 29%] [32mBuilding CXX object CMakeFiles/g2o.dir/g2o/core/parameter.cpp.o[0m
[ 32%] [32mBuilding CXX object CMakeFiles/g2o.dir/g2o/core/cache.cpp.o[0m
[ 35%] [32mBuilding CXX object CMakeFiles/g2o.dir/g2o/core/optimizable_graph.cpp.o[0m
[ 38%] [32mBuilding CXX object CMakeFiles/g2o.dir/g2o/core/solver.cpp.o[0m
[ 41%] [32mBuilding CXX object CMakeFiles/g2o.dir/g2o/core/optimization_algorithm_factory.cpp.o[0m
[ 45%] [32mBuilding CXX object CMakeFiles/g2o.dir/g2o/core/estimate_propagator.cpp.o[0m
[ 48%] [32mBuilding CXX object CMakeFiles/g2o.dir/g2o/core/factory.cpp.o[0m
[ 51%] [32mBuilding CXX object CMakeFiles/g2o.dir/g2o/core/sparse_optimizer.cpp.o[0m
[ 54%] [32mBuilding CXX object CMakeFiles/g2o.dir/g2o/core/hyper_dijkstra.cpp.o[0m
[ 58%] [32mBuilding CXX object CMakeFiles/g2o.dir/g2o/core/parameter_container.cpp.o[0m
[ 61%] [32mBuilding CXX object CMakeFiles/g2o.dir/g2o/core/optimization_algorithm.cpp.o[0m
[ 64%] [32mBuilding CXX object CMakeFiles/g2o.dir/g2o/core/optimization_algorithm_with_hessian.cpp.o[0m
[ 67%] [32mBuilding CXX object CMakeFiles/g2o.dir/g2o/core/optimization_algorithm_levenberg.cpp.o[0m
[ 70%] [32mBuilding CXX object CMakeFiles/g2o.dir/g2o/core/optimization_algorithm_gauss_newton.cpp.o[0m
[ 74%] [32mBuilding CXX object CMakeFiles/g2o.dir/g2o/core/jacobian_workspace.cpp.o[0m
[ 77%] [32mBuilding CXX object CMakeFiles/g2o.dir/g2o/core/robust_kernel.cpp.o[0m
[ 80%] [32mBuilding CXX object CMakeFiles/g2o.dir/g2o/core/robust_kernel_factory.cpp.o[0m
[ 83%] [32mBuilding CXX object CMakeFiles/g2o.dir/g2o/core/robust_kernel_impl.cpp.o[0m
[ 87%] [32mBuilding CXX object CMakeFiles/g2o.dir/g2o/stuff/timeutil.cpp.o[0m
[ 90%] [32mBuilding C object CMakeFiles/g2o.dir/g2o/stuff/os_specific.c.o[0m
[ 93%] [32mBuilding CXX object CMakeFiles/g2o.dir/g2o/stuff/string_tools.cpp.o[0m
[ 96%] [32mBuilding CXX object CMakeFiles/g2o.dir/g2o/stuff/property.cpp.o[0m
[100%] [32m[1mLinking CXX shared library lib/libg2o.so[0m
[100%] Built target g2o
[ 70%] [34m[1mPerforming install step for 'g2o_src'[0m
[ 80%] [34m[1mCompleted 'g2o_src'[0m
[ 80%] Built target g2o_src
[35m[1mScanning dependencies of target g2o_catkin[0m
[ 90%] [32mBuilding CXX object CMakeFiles/g2o_catkin.dir/src/dependency_tracker.cc.o[0m
[100%] [32m[1mLinking CXX shared library /workspace/devel/.private/g2o_catkin/lib/libg2o_catkin.so[0m
[100%] Built target g2o_catkin
