Linked: (/workspace/devel/.private/dbow2_catkin/include/DBoW2/DBoW2/FeatureVector.cpp, /workspace/devel/include/DBoW2/DBoW2/FeatureVector.cpp)
Linked: (/workspace/devel/.private/dbow2_catkin/include/DBoW2/DBoW2/FeatureVector.h, /workspace/devel/include/DBoW2/DBoW2/FeatureVector.h)
Linked: (/workspace/devel/.private/dbow2_catkin/include/DBoW2/DBoW2/TemplatedVocabulary.h, /workspace/devel/include/DBoW2/DBoW2/TemplatedVocabulary.h)
Linked: (/workspace/devel/.private/dbow2_catkin/include/DBoW2/DBoW2/BowVector.h, /workspace/devel/include/DBoW2/DBoW2/BowVector.h)
Linked: (/workspace/devel/.private/dbow2_catkin/include/DBoW2/DBoW2/FORB.h, /workspace/devel/include/DBoW2/DBoW2/FORB.h)
Linked: (/workspace/devel/.private/dbow2_catkin/include/DBoW2/DBoW2/ScoringObject.h, /workspace/devel/include/DBoW2/DBoW2/ScoringObject.h)
Linked: (/workspace/devel/.private/dbow2_catkin/include/DBoW2/DBoW2/FORB.cpp, /workspace/devel/include/DBoW2/DBoW2/FORB.cpp)
Linked: (/workspace/devel/.private/dbow2_catkin/include/DBoW2/DBoW2/BowVector.cpp, /workspace/devel/include/DBoW2/DBoW2/BowVector.cpp)
Linked: (/workspace/devel/.private/dbow2_catkin/include/DBoW2/DBoW2/FClass.h, /workspace/devel/include/DBoW2/DBoW2/FClass.h)
Linked: (/workspace/devel/.private/dbow2_catkin/include/DBoW2/DBoW2/ScoringObject.cpp, /workspace/devel/include/DBoW2/DBoW2/ScoringObject.cpp)
Linked: (/workspace/devel/.private/dbow2_catkin/include/DBoW2/DUtils/Timestamp.cpp, /workspace/devel/include/DBoW2/DUtils/Timestamp.cpp)
Linked: (/workspace/devel/.private/dbow2_catkin/include/DBoW2/DUtils/Random.h, /workspace/devel/include/DBoW2/DUtils/Random.h)
Linked: (/workspace/devel/.private/dbow2_catkin/include/DBoW2/DUtils/Timestamp.h, /workspace/devel/include/DBoW2/DUtils/Timestamp.h)
Linked: (/workspace/devel/.private/dbow2_catkin/include/DBoW2/DUtils/Random.cpp, /workspace/devel/include/DBoW2/DUtils/Random.cpp)
Linked: (/workspace/devel/.private/dbow2_catkin/share/dbow2_catkin/cmake/dbow2-extras.cmake, /workspace/devel/share/dbow2_catkin/cmake/dbow2-extras.cmake)
Linked: (/workspace/devel/.private/dbow2_catkin/share/dbow2_catkin/cmake/dbow2_catkinConfig.cmake, /workspace/devel/share/dbow2_catkin/cmake/dbow2_catkinConfig.cmake)
Linked: (/workspace/devel/.private/dbow2_catkin/share/dbow2_catkin/cmake/dbow2_catkinConfig-version.cmake, /workspace/devel/share/dbow2_catkin/cmake/dbow2_catkinConfig-version.cmake)
Linked: (/workspace/devel/.private/dbow2_catkin/lib/libdbow2_catkin.so, /workspace/devel/lib/libdbow2_catkin.so)
Linked: (/workspace/devel/.private/dbow2_catkin/lib/DBoW2/libDBoW2.so, /workspace/devel/lib/DBoW2/libDBoW2.so)
Linked: (/workspace/devel/.private/dbow2_catkin/lib/pkgconfig/dbow2_catkin.pc, /workspace/devel/lib/pkgconfig/dbow2_catkin.pc)
