Symlinking /workspace/devel/include/DBoW2/DBoW2/FeatureVector.cpp
Symlinking /workspace/devel/include/DBoW2/DBoW2/FeatureVector.h
Symlinking /workspace/devel/include/DBoW2/DBoW2/TemplatedVocabulary.h
Symlinking /workspace/devel/include/DBoW2/DBoW2/BowVector.h
Symlinking /workspace/devel/include/DBoW2/DBoW2/FORB.h
Symlinking /workspace/devel/include/DBoW2/DBoW2/ScoringObject.h
Symlinking /workspace/devel/include/DBoW2/DBoW2/FORB.cpp
Symlinking /workspace/devel/include/DBoW2/DBoW2/BowVector.cpp
Symlinking /workspace/devel/include/DBoW2/DBoW2/FClass.h
Symlinking /workspace/devel/include/DBoW2/DBoW2/ScoringObject.cpp
Symlinking /workspace/devel/include/DBoW2/DUtils/Timestamp.cpp
Symlinking /workspace/devel/include/DBoW2/DUtils/Random.h
Symlinking /workspace/devel/include/DBoW2/DUtils/Timestamp.h
Symlinking /workspace/devel/include/DBoW2/DUtils/Random.cpp
Symlinking /workspace/devel/share/dbow2_catkin/cmake/dbow2-extras.cmake
Symlinking /workspace/devel/share/dbow2_catkin/cmake/dbow2_catkinConfig.cmake
Symlinking /workspace/devel/share/dbow2_catkin/cmake/dbow2_catkinConfig-version.cmake
Symlinking /workspace/devel/lib/libdbow2_catkin.so
Symlinking /workspace/devel/lib/DBoW2/libDBoW2.so
Symlinking /workspace/devel/lib/pkgconfig/dbow2_catkin.pc
